{"D:\\UoM\\2nd Year Software Project\\park-chain-backend\\src\\controllers\\AdminKybController.js": {"path":"D:\\UoM\\2nd Year Software Project\\park-chain-backend\\src\\controllers\\AdminKybController.js","statementMap":{"0":{"start":{"line":1,"column":22},"end":{"line":1,"column":56}},"1":{"start":{"line":2,"column":13},"end":{"line":2,"column":38}},"2":{"start":{"line":3,"column":18},"end":{"line":3,"column":41}},"3":{"start":{"line":4,"column":31},"end":{"line":4,"column":70}},"4":{"start":{"line":12,"column":4},"end":{"line":29,"column":5}},"5":{"start":{"line":13,"column":26},"end":{"line":13,"column":55}},"6":{"start":{"line":15,"column":35},"end":{"line":22,"column":9}},"7":{"start":{"line":15,"column":59},"end":{"line":22,"column":7}},"8":{"start":{"line":25,"column":6},"end":{"line":25,"column":56}},"9":{"start":{"line":27,"column":6},"end":{"line":27,"column":70}},"10":{"start":{"line":28,"column":6},"end":{"line":28,"column":98}},"11":{"start":{"line":37,"column":4},"end":{"line":64,"column":5}},"12":{"start":{"line":38,"column":21},"end":{"line":38,"column":31}},"13":{"start":{"line":39,"column":25},"end":{"line":39,"column":57}},"14":{"start":{"line":41,"column":6},"end":{"line":43,"column":7}},"15":{"start":{"line":42,"column":8},"end":{"line":42,"column":76}},"16":{"start":{"line":46,"column":34},"end":{"line":57,"column":7}},"17":{"start":{"line":60,"column":6},"end":{"line":60,"column":55}},"18":{"start":{"line":62,"column":6},"end":{"line":62,"column":69}},"19":{"start":{"line":63,"column":6},"end":{"line":63,"column":94}},"20":{"start":{"line":72,"column":4},"end":{"line":121,"column":5}},"21":{"start":{"line":73,"column":21},"end":{"line":73,"column":31}},"22":{"start":{"line":74,"column":35},"end":{"line":74,"column":43}},"23":{"start":{"line":77,"column":30},"end":{"line":77,"column":73}},"24":{"start":{"line":79,"column":6},"end":{"line":81,"column":7}},"25":{"start":{"line":80,"column":8},"end":{"line":80,"column":112}},"26":{"start":{"line":83,"column":25},"end":{"line":83,"column":57}},"27":{"start":{"line":84,"column":6},"end":{"line":86,"column":7}},"28":{"start":{"line":85,"column":8},"end":{"line":85,"column":76}},"29":{"start":{"line":89,"column":32},"end":{"line":89,"column":97}},"30":{"start":{"line":92,"column":6},"end":{"line":111,"column":7}},"31":{"start":{"line":94,"column":8},"end":{"line":97,"column":10}},"32":{"start":{"line":100,"column":8},"end":{"line":103,"column":10}},"33":{"start":{"line":104,"column":8},"end":{"line":106,"column":11}},"34":{"start":{"line":107,"column":12},"end":{"line":111,"column":7}},"35":{"start":{"line":108,"column":8},"end":{"line":110,"column":11}},"36":{"start":{"line":113,"column":6},"end":{"line":117,"column":9}},"37":{"start":{"line":119,"column":6},"end":{"line":119,"column":68}},"38":{"start":{"line":120,"column":6},"end":{"line":120,"column":93}},"39":{"start":{"line":125,"column":0},"end":{"line":125,"column":36}}},"fnMap":{"0":{"name":"(anonymous_0)","decl":{"start":{"line":11,"column":2},"end":{"line":11,"column":3}},"loc":{"start":{"line":11,"column":43},"end":{"line":30,"column":3}},"line":11},"1":{"name":"(anonymous_1)","decl":{"start":{"line":15,"column":51},"end":{"line":15,"column":52}},"loc":{"start":{"line":15,"column":59},"end":{"line":22,"column":7}},"line":15},"2":{"name":"(anonymous_2)","decl":{"start":{"line":36,"column":2},"end":{"line":36,"column":3}},"loc":{"start":{"line":36,"column":46},"end":{"line":65,"column":3}},"line":36},"3":{"name":"(anonymous_3)","decl":{"start":{"line":71,"column":2},"end":{"line":71,"column":3}},"loc":{"start":{"line":71,"column":48},"end":{"line":122,"column":3}},"line":71}},"branchMap":{"0":{"loc":{"start":{"line":17,"column":20},"end":{"line":17,"column":53}},"type":"binary-expr","locations":[{"start":{"line":17,"column":20},"end":{"line":17,"column":34}},{"start":{"line":17,"column":38},"end":{"line":17,"column":53}}],"line":17},"1":{"loc":{"start":{"line":18,"column":18},"end":{"line":18,"column":47}},"type":"binary-expr","locations":[{"start":{"line":18,"column":18},"end":{"line":18,"column":30}},{"start":{"line":18,"column":34},"end":{"line":18,"column":47}}],"line":18},"2":{"loc":{"start":{"line":21,"column":16},"end":{"line":21,"column":67}},"type":"cond-expr","locations":[{"start":{"line":21,"column":44},"end":{"line":21,"column":54}},{"start":{"line":21,"column":57},"end":{"line":21,"column":67}}],"line":21},"3":{"loc":{"start":{"line":41,"column":6},"end":{"line":43,"column":7}},"type":"if","locations":[{"start":{"line":41,"column":6},"end":{"line":43,"column":7}},{"start":{},"end":{}}],"line":41},"4":{"loc":{"start":{"line":55,"column":16},"end":{"line":55,"column":81}},"type":"cond-expr","locations":[{"start":{"line":55,"column":51},"end":{"line":55,"column":61}},{"start":{"line":55,"column":64},"end":{"line":55,"column":81}}],"line":55},"5":{"loc":{"start":{"line":56,"column":20},"end":{"line":56,"column":48}},"type":"binary-expr","locations":[{"start":{"line":56,"column":20},"end":{"line":56,"column":42}},{"start":{"line":56,"column":46},"end":{"line":56,"column":48}}],"line":56},"6":{"loc":{"start":{"line":77,"column":30},"end":{"line":77,"column":73}},"type":"cond-expr","locations":[{"start":{"line":77,"column":54},"end":{"line":77,"column":64}},{"start":{"line":77,"column":67},"end":{"line":77,"column":73}}],"line":77},"7":{"loc":{"start":{"line":79,"column":6},"end":{"line":81,"column":7}},"type":"if","locations":[{"start":{"line":79,"column":6},"end":{"line":81,"column":7}},{"start":{},"end":{}}],"line":79},"8":{"loc":{"start":{"line":84,"column":6},"end":{"line":86,"column":7}},"type":"if","locations":[{"start":{"line":84,"column":6},"end":{"line":86,"column":7}},{"start":{},"end":{}}],"line":84},"9":{"loc":{"start":{"line":92,"column":6},"end":{"line":111,"column":7}},"type":"if","locations":[{"start":{"line":92,"column":6},"end":{"line":111,"column":7}},{"start":{"line":107,"column":12},"end":{"line":111,"column":7}}],"line":92},"10":{"loc":{"start":{"line":107,"column":12},"end":{"line":111,"column":7}},"type":"if","locations":[{"start":{"line":107,"column":12},"end":{"line":111,"column":7}},{"start":{},"end":{}}],"line":107},"11":{"loc":{"start":{"line":115,"column":16},"end":{"line":115,"column":95}},"type":"cond-expr","locations":[{"start":{"line":115,"column":58},"end":{"line":115,"column":68}},{"start":{"line":115,"column":71},"end":{"line":115,"column":95}}],"line":115}},"s":{"0":1,"1":1,"2":1,"3":1,"4":2,"5":2,"6":1,"7":2,"8":1,"9":1,"10":1,"11":3,"12":3,"13":3,"14":2,"15":1,"16":1,"17":1,"18":1,"19":1,"20":5,"21":5,"22":5,"23":5,"24":5,"25":1,"26":4,"27":4,"28":1,"29":3,"30":2,"31":1,"32":1,"33":1,"34":1,"35":1,"36":2,"37":1,"38":1,"39":1},"f":{"0":2,"1":2,"2":3,"3":5},"b":{"0":[2,1],"1":[2,1],"2":[1,1],"3":[1,1],"4":[1,0],"5":[1,0],"6":[3,2],"7":[1,4],"8":[1,3],"9":[1,1],"10":[1,0],"11":[1,1]},"_coverageSchema":"1a1c01bbd47fc00a2c39e90264f33305004495a9","hash":"226c750483560645c179b539d7ebcdfb816ac386"}
,"D:\\UoM\\2nd Year Software Project\\park-chain-backend\\src\\controllers\\AuthController.js": {"path":"D:\\UoM\\2nd Year Software Project\\park-chain-backend\\src\\controllers\\AuthController.js","statementMap":{"0":{"start":{"line":2,"column":12},"end":{"line":2,"column":35}},"1":{"start":{"line":3,"column":15},"end":{"line":3,"column":34}},"2":{"start":{"line":4,"column":13},"end":{"line":4,"column":38}},"3":{"start":{"line":5,"column":33},"end":{"line":5,"column":60}},"4":{"start":{"line":6,"column":0},"end":{"line":6,"column":27}},"5":{"start":{"line":8,"column":22},"end":{"line":14,"column":1}},"6":{"start":{"line":9,"column":2},"end":{"line":13,"column":4}},"7":{"start":{"line":17,"column":19},"end":{"line":65,"column":1}},"8":{"start":{"line":18,"column":2},"end":{"line":64,"column":3}},"9":{"start":{"line":19,"column":37},"end":{"line":19,"column":45}},"10":{"start":{"line":21,"column":4},"end":{"line":25,"column":5}},"11":{"start":{"line":22,"column":6},"end":{"line":24,"column":9}},"12":{"start":{"line":27,"column":21},"end":{"line":27,"column":60}},"13":{"start":{"line":29,"column":15},"end":{"line":29,"column":61}},"14":{"start":{"line":31,"column":4},"end":{"line":39,"column":5}},"15":{"start":{"line":32,"column":6},"end":{"line":32,"column":88}},"16":{"start":{"line":34,"column":6},"end":{"line":37,"column":9}},"17":{"start":{"line":38,"column":6},"end":{"line":38,"column":86}},"18":{"start":{"line":41,"column":18},"end":{"line":41,"column":51}},"19":{"start":{"line":43,"column":4},"end":{"line":60,"column":7}},"20":{"start":{"line":62,"column":4},"end":{"line":62,"column":55}},"21":{"start":{"line":63,"column":4},"end":{"line":63,"column":78}},"22":{"start":{"line":68,"column":19},"end":{"line":114,"column":1}},"23":{"start":{"line":69,"column":2},"end":{"line":113,"column":3}},"24":{"start":{"line":70,"column":32},"end":{"line":70,"column":40}},"25":{"start":{"line":72,"column":4},"end":{"line":76,"column":5}},"26":{"start":{"line":73,"column":6},"end":{"line":75,"column":9}},"27":{"start":{"line":78,"column":18},"end":{"line":78,"column":52}},"28":{"start":{"line":80,"column":4},"end":{"line":82,"column":5}},"29":{"start":{"line":81,"column":6},"end":{"line":81,"column":75}},"30":{"start":{"line":84,"column":4},"end":{"line":86,"column":5}},"31":{"start":{"line":85,"column":6},"end":{"line":85,"column":87}},"32":{"start":{"line":88,"column":28},"end":{"line":88,"column":74}},"33":{"start":{"line":90,"column":4},"end":{"line":92,"column":5}},"34":{"start":{"line":91,"column":6},"end":{"line":91,"column":75}},"35":{"start":{"line":94,"column":18},"end":{"line":94,"column":53}},"36":{"start":{"line":96,"column":4},"end":{"line":96,"column":52}},"37":{"start":{"line":98,"column":4},"end":{"line":109,"column":7}},"38":{"start":{"line":111,"column":4},"end":{"line":111,"column":55}},"39":{"start":{"line":112,"column":4},"end":{"line":112,"column":71}},"40":{"start":{"line":117,"column":23},"end":{"line":164,"column":1}},"41":{"start":{"line":118,"column":2},"end":{"line":163,"column":3}},"42":{"start":{"line":119,"column":41},"end":{"line":119,"column":49}},"43":{"start":{"line":120,"column":19},"end":{"line":120,"column":30}},"44":{"start":{"line":123,"column":4},"end":{"line":125,"column":5}},"45":{"start":{"line":124,"column":6},"end":{"line":124,"column":96}},"46":{"start":{"line":128,"column":30},"end":{"line":128,"column":74}},"47":{"start":{"line":129,"column":4},"end":{"line":131,"column":5}},"48":{"start":{"line":130,"column":6},"end":{"line":130,"column":108}},"49":{"start":{"line":134,"column":28},"end":{"line":134,"column":89}},"50":{"start":{"line":135,"column":4},"end":{"line":137,"column":5}},"51":{"start":{"line":136,"column":6},"end":{"line":136,"column":74}},"52":{"start":{"line":140,"column":4},"end":{"line":142,"column":5}},"53":{"start":{"line":141,"column":6},"end":{"line":141,"column":105}},"54":{"start":{"line":145,"column":26},"end":{"line":145,"column":97}},"55":{"start":{"line":146,"column":4},"end":{"line":150,"column":5}},"56":{"start":{"line":147,"column":6},"end":{"line":149,"column":9}},"57":{"start":{"line":153,"column":17},"end":{"line":153,"column":41}},"58":{"start":{"line":154,"column":27},"end":{"line":154,"column":63}},"59":{"start":{"line":156,"column":4},"end":{"line":156,"column":54}},"60":{"start":{"line":158,"column":4},"end":{"line":158,"column":79}},"61":{"start":{"line":161,"column":4},"end":{"line":161,"column":59}},"62":{"start":{"line":162,"column":4},"end":{"line":162,"column":104}},"63":{"start":{"line":168,"column":14},"end":{"line":179,"column":1}},"64":{"start":{"line":169,"column":2},"end":{"line":178,"column":3}},"65":{"start":{"line":170,"column":17},"end":{"line":170,"column":49}},"66":{"start":{"line":171,"column":4},"end":{"line":173,"column":5}},"67":{"start":{"line":172,"column":6},"end":{"line":172,"column":63}},"68":{"start":{"line":175,"column":4},"end":{"line":175,"column":53}},"69":{"start":{"line":177,"column":4},"end":{"line":177,"column":64}},"70":{"start":{"line":181,"column":0},"end":{"line":181,"column":67}}},"fnMap":{"0":{"name":"(anonymous_0)","decl":{"start":{"line":8,"column":22},"end":{"line":8,"column":23}},"loc":{"start":{"line":8,"column":40},"end":{"line":14,"column":1}},"line":8},"1":{"name":"(anonymous_1)","decl":{"start":{"line":17,"column":19},"end":{"line":17,"column":20}},"loc":{"start":{"line":17,"column":39},"end":{"line":65,"column":1}},"line":17},"2":{"name":"(anonymous_2)","decl":{"start":{"line":68,"column":19},"end":{"line":68,"column":20}},"loc":{"start":{"line":68,"column":39},"end":{"line":114,"column":1}},"line":68},"3":{"name":"(anonymous_3)","decl":{"start":{"line":117,"column":23},"end":{"line":117,"column":24}},"loc":{"start":{"line":117,"column":43},"end":{"line":164,"column":1}},"line":117},"4":{"name":"(anonymous_4)","decl":{"start":{"line":168,"column":14},"end":{"line":168,"column":15}},"loc":{"start":{"line":168,"column":34},"end":{"line":179,"column":1}},"line":168}},"branchMap":{"0":{"loc":{"start":{"line":12,"column":17},"end":{"line":12,"column":51}},"type":"binary-expr","locations":[{"start":{"line":12,"column":17},"end":{"line":12,"column":43}},{"start":{"line":12,"column":47},"end":{"line":12,"column":51}}],"line":12},"1":{"loc":{"start":{"line":21,"column":4},"end":{"line":25,"column":5}},"type":"if","locations":[{"start":{"line":21,"column":4},"end":{"line":25,"column":5}},{"start":{},"end":{}}],"line":21},"2":{"loc":{"start":{"line":27,"column":21},"end":{"line":27,"column":60}},"type":"cond-expr","locations":[{"start":{"line":27,"column":41},"end":{"line":27,"column":49}},{"start":{"line":27,"column":52},"end":{"line":27,"column":60}}],"line":27},"3":{"loc":{"start":{"line":31,"column":4},"end":{"line":39,"column":5}},"type":"if","locations":[{"start":{"line":31,"column":4},"end":{"line":39,"column":5}},{"start":{"line":33,"column":11},"end":{"line":39,"column":5}}],"line":31},"4":{"loc":{"start":{"line":72,"column":4},"end":{"line":76,"column":5}},"type":"if","locations":[{"start":{"line":72,"column":4},"end":{"line":76,"column":5}},{"start":{},"end":{}}],"line":72},"5":{"loc":{"start":{"line":72,"column":8},"end":{"line":72,"column":27}},"type":"binary-expr","locations":[{"start":{"line":72,"column":8},"end":{"line":72,"column":14}},{"start":{"line":72,"column":18},"end":{"line":72,"column":27}}],"line":72},"6":{"loc":{"start":{"line":80,"column":4},"end":{"line":82,"column":5}},"type":"if","locations":[{"start":{"line":80,"column":4},"end":{"line":82,"column":5}},{"start":{},"end":{}}],"line":80},"7":{"loc":{"start":{"line":84,"column":4},"end":{"line":86,"column":5}},"type":"if","locations":[{"start":{"line":84,"column":4},"end":{"line":86,"column":5}},{"start":{},"end":{}}],"line":84},"8":{"loc":{"start":{"line":90,"column":4},"end":{"line":92,"column":5}},"type":"if","locations":[{"start":{"line":90,"column":4},"end":{"line":92,"column":5}},{"start":{},"end":{}}],"line":90},"9":{"loc":{"start":{"line":123,"column":4},"end":{"line":125,"column":5}},"type":"if","locations":[{"start":{"line":123,"column":4},"end":{"line":125,"column":5}},{"start":{},"end":{}}],"line":123},"10":{"loc":{"start":{"line":123,"column":8},"end":{"line":123,"column":36}},"type":"binary-expr","locations":[{"start":{"line":123,"column":8},"end":{"line":123,"column":20}},{"start":{"line":123,"column":24},"end":{"line":123,"column":36}}],"line":123},"11":{"loc":{"start":{"line":129,"column":4},"end":{"line":131,"column":5}},"type":"if","locations":[{"start":{"line":129,"column":4},"end":{"line":131,"column":5}},{"start":{},"end":{}}],"line":129},"12":{"loc":{"start":{"line":129,"column":8},"end":{"line":129,"column":57}},"type":"binary-expr","locations":[{"start":{"line":129,"column":8},"end":{"line":129,"column":26}},{"start":{"line":129,"column":30},"end":{"line":129,"column":57}}],"line":129},"13":{"loc":{"start":{"line":135,"column":4},"end":{"line":137,"column":5}},"type":"if","locations":[{"start":{"line":135,"column":4},"end":{"line":137,"column":5}},{"start":{},"end":{}}],"line":135},"14":{"loc":{"start":{"line":140,"column":4},"end":{"line":142,"column":5}},"type":"if","locations":[{"start":{"line":140,"column":4},"end":{"line":142,"column":5}},{"start":{},"end":{}}],"line":140},"15":{"loc":{"start":{"line":146,"column":4},"end":{"line":150,"column":5}},"type":"if","locations":[{"start":{"line":146,"column":4},"end":{"line":150,"column":5}},{"start":{},"end":{}}],"line":146},"16":{"loc":{"start":{"line":171,"column":4},"end":{"line":173,"column":5}},"type":"if","locations":[{"start":{"line":171,"column":4},"end":{"line":173,"column":5}},{"start":{},"end":{}}],"line":171}},"s":{"0":1,"1":1,"2":1,"3":1,"4":1,"5":1,"6":4,"7":1,"8":5,"9":5,"10":5,"11":1,"12":4,"13":4,"14":3,"15":1,"16":2,"17":2,"18":3,"19":3,"20":1,"21":1,"22":1,"23":6,"24":6,"25":6,"26":1,"27":5,"28":4,"29":1,"30":3,"31":1,"32":2,"33":2,"34":1,"35":1,"36":1,"37":1,"38":1,"39":1,"40":1,"41":7,"42":7,"43":7,"44":7,"45":1,"46":6,"47":5,"48":1,"49":4,"50":4,"51":1,"52":3,"53":1,"54":2,"55":2,"56":1,"57":1,"58":1,"59":1,"60":1,"61":1,"62":1,"63":1,"64":3,"65":3,"66":2,"67":1,"68":1,"69":1,"70":1},"f":{"0":4,"1":5,"2":6,"3":7,"4":3},"b":{"0":[4,0],"1":[1,4],"2":[1,3],"3":[1,2],"4":[1,5],"5":[6,6],"6":[1,3],"7":[1,2],"8":[1,1],"9":[1,6],"10":[7,6],"11":[1,4],"12":[5,4],"13":[1,3],"14":[1,2],"15":[1,1],"16":[1,1]},"_coverageSchema":"1a1c01bbd47fc00a2c39e90264f33305004495a9","hash":"52da2bb76686cbbf7fb26e9330fc898e0edce09c"}
,"D:\\UoM\\2nd Year Software Project\\park-chain-backend\\src\\controllers\\BookingController.js": {"path":"D:\\UoM\\2nd Year Software Project\\park-chain-backend\\src\\controllers\\BookingController.js","statementMap":{"0":{"start":{"line":5,"column":30},"end":{"line":5,"column":69}},"1":{"start":{"line":6,"column":16},"end":{"line":6,"column":44}},"2":{"start":{"line":7,"column":13},"end":{"line":7,"column":38}},"3":{"start":{"line":8,"column":30},"end":{"line":8,"column":74}},"4":{"start":{"line":13,"column":22},"end":{"line":165,"column":1}},"5":{"start":{"line":14,"column":2},"end":{"line":164,"column":3}},"6":{"start":{"line":15,"column":71},"end":{"line":15,"column":79}},"7":{"start":{"line":18,"column":4},"end":{"line":22,"column":5}},"8":{"start":{"line":19,"column":6},"end":{"line":21,"column":9}},"9":{"start":{"line":25,"column":17},"end":{"line":25,"column":44}},"10":{"start":{"line":26,"column":4},"end":{"line":28,"column":5}},"11":{"start":{"line":27,"column":6},"end":{"line":27,"column":64}},"12":{"start":{"line":29,"column":4},"end":{"line":31,"column":5}},"13":{"start":{"line":30,"column":6},"end":{"line":30,"column":79}},"14":{"start":{"line":32,"column":4},"end":{"line":34,"column":5}},"15":{"start":{"line":33,"column":6},"end":{"line":33,"column":84}},"16":{"start":{"line":37,"column":25},"end":{"line":37,"column":54}},"17":{"start":{"line":38,"column":26},"end":{"line":38,"column":56}},"18":{"start":{"line":39,"column":25},"end":{"line":39,"column":51}},"19":{"start":{"line":41,"column":25},"end":{"line":41,"column":58}},"20":{"start":{"line":42,"column":4},"end":{"line":48,"column":5}},"21":{"start":{"line":43,"column":6},"end":{"line":47,"column":9}},"22":{"start":{"line":51,"column":29},"end":{"line":51,"column":70}},"23":{"start":{"line":52,"column":25},"end":{"line":52,"column":64}},"24":{"start":{"line":55,"column":18},"end":{"line":55,"column":37}},"25":{"start":{"line":56,"column":16},"end":{"line":56,"column":33}},"26":{"start":{"line":58,"column":4},"end":{"line":62,"column":5}},"27":{"start":{"line":59,"column":6},"end":{"line":61,"column":9}},"28":{"start":{"line":63,"column":4},"end":{"line":67,"column":5}},"29":{"start":{"line":64,"column":6},"end":{"line":66,"column":9}},"30":{"start":{"line":70,"column":16},"end":{"line":70,"column":26}},"31":{"start":{"line":71,"column":4},"end":{"line":76,"column":5}},"32":{"start":{"line":72,"column":6},"end":{"line":75,"column":9}},"33":{"start":{"line":80,"column":29},"end":{"line":85,"column":5}},"34":{"start":{"line":87,"column":4},"end":{"line":99,"column":5}},"35":{"start":{"line":88,"column":6},"end":{"line":98,"column":9}},"36":{"start":{"line":102,"column":23},"end":{"line":102,"column":34}},"37":{"start":{"line":103,"column":34},"end":{"line":103,"column":88}},"38":{"start":{"line":104,"column":29},"end":{"line":104,"column":90}},"39":{"start":{"line":105,"column":26},"end":{"line":105,"column":42}},"40":{"start":{"line":106,"column":24},"end":{"line":106,"column":69}},"41":{"start":{"line":107,"column":28},"end":{"line":107,"column":73}},"42":{"start":{"line":110,"column":20},"end":{"line":124,"column":6}},"43":{"start":{"line":130,"column":4},"end":{"line":148,"column":7}},"44":{"start":{"line":162,"column":4},"end":{"line":162,"column":49}},"45":{"start":{"line":163,"column":4},"end":{"line":163,"column":65}},"46":{"start":{"line":170,"column":28},"end":{"line":226,"column":1}},"47":{"start":{"line":171,"column":2},"end":{"line":225,"column":3}},"48":{"start":{"line":172,"column":23},"end":{"line":172,"column":33}},"49":{"start":{"line":173,"column":35},"end":{"line":173,"column":44}},"50":{"start":{"line":175,"column":4},"end":{"line":179,"column":5}},"51":{"start":{"line":176,"column":6},"end":{"line":178,"column":9}},"52":{"start":{"line":181,"column":17},"end":{"line":181,"column":44}},"53":{"start":{"line":182,"column":4},"end":{"line":184,"column":5}},"54":{"start":{"line":183,"column":6},"end":{"line":183,"column":64}},"55":{"start":{"line":186,"column":25},"end":{"line":186,"column":54}},"56":{"start":{"line":187,"column":25},"end":{"line":187,"column":51}},"57":{"start":{"line":188,"column":26},"end":{"line":188,"column":56}},"58":{"start":{"line":191,"column":25},"end":{"line":193,"column":5}},"59":{"start":{"line":195,"column":22},"end":{"line":195,"column":24}},"60":{"start":{"line":196,"column":4},"end":{"line":198,"column":7}},"61":{"start":{"line":197,"column":6},"end":{"line":197,"column":63}},"62":{"start":{"line":200,"column":25},"end":{"line":213,"column":6}},"63":{"start":{"line":201,"column":25},"end":{"line":201,"column":59}},"64":{"start":{"line":202,"column":26},"end":{"line":202,"column":46}},"65":{"start":{"line":203,"column":29},"end":{"line":203,"column":66}},"66":{"start":{"line":205,"column":6},"end":{"line":212,"column":8}},"67":{"start":{"line":215,"column":4},"end":{"line":220,"column":7}},"68":{"start":{"line":223,"column":4},"end":{"line":223,"column":55}},"69":{"start":{"line":224,"column":4},"end":{"line":224,"column":67}},"70":{"start":{"line":230,"column":20},"end":{"line":272,"column":1}},"71":{"start":{"line":231,"column":2},"end":{"line":271,"column":3}},"72":{"start":{"line":232,"column":23},"end":{"line":232,"column":32}},"73":{"start":{"line":235,"column":4},"end":{"line":265,"column":5}},"74":{"start":{"line":237,"column":8},"end":{"line":237,"column":67}},"75":{"start":{"line":238,"column":8},"end":{"line":238,"column":14}},"76":{"start":{"line":240,"column":8},"end":{"line":240,"column":66}},"77":{"start":{"line":241,"column":8},"end":{"line":241,"column":14}},"78":{"start":{"line":243,"column":28},"end":{"line":243,"column":51}},"79":{"start":{"line":244,"column":8},"end":{"line":260,"column":11}},"80":{"start":{"line":245,"column":10},"end":{"line":259,"column":11}},"81":{"start":{"line":246,"column":26},"end":{"line":246,"column":79}},"82":{"start":{"line":247,"column":12},"end":{"line":251,"column":14}},"83":{"start":{"line":253,"column":12},"end":{"line":253,"column":77}},"84":{"start":{"line":254,"column":12},"end":{"line":258,"column":14}},"85":{"start":{"line":261,"column":8},"end":{"line":261,"column":14}},"86":{"start":{"line":264,"column":8},"end":{"line":264,"column":64}},"87":{"start":{"line":267,"column":4},"end":{"line":267,"column":51}},"88":{"start":{"line":269,"column":4},"end":{"line":269,"column":47}},"89":{"start":{"line":270,"column":4},"end":{"line":270,"column":65}},"90":{"start":{"line":277,"column":23},"end":{"line":297,"column":1}},"91":{"start":{"line":278,"column":2},"end":{"line":296,"column":3}},"92":{"start":{"line":279,"column":20},"end":{"line":279,"column":57}},"93":{"start":{"line":280,"column":4},"end":{"line":282,"column":5}},"94":{"start":{"line":281,"column":6},"end":{"line":281,"column":67}},"95":{"start":{"line":284,"column":4},"end":{"line":290,"column":5}},"96":{"start":{"line":289,"column":6},"end":{"line":289,"column":79}},"97":{"start":{"line":292,"column":4},"end":{"line":292,"column":26}},"98":{"start":{"line":294,"column":4},"end":{"line":294,"column":50}},"99":{"start":{"line":295,"column":4},"end":{"line":295,"column":64}},"100":{"start":{"line":303,"column":22},"end":{"line":320,"column":1}},"101":{"start":{"line":304,"column":2},"end":{"line":319,"column":3}},"102":{"start":{"line":305,"column":21},"end":{"line":305,"column":58}},"103":{"start":{"line":306,"column":4},"end":{"line":306,"column":80}},"104":{"start":{"line":306,"column":19},"end":{"line":306,"column":80}},"105":{"start":{"line":308,"column":20},"end":{"line":308,"column":68}},"106":{"start":{"line":309,"column":4},"end":{"line":313,"column":5}},"107":{"start":{"line":310,"column":6},"end":{"line":312,"column":9}},"108":{"start":{"line":315,"column":4},"end":{"line":315,"column":57}},"109":{"start":{"line":317,"column":4},"end":{"line":317,"column":49}},"110":{"start":{"line":318,"column":4},"end":{"line":318,"column":65}},"111":{"start":{"line":325,"column":19},"end":{"line":347,"column":1}},"112":{"start":{"line":326,"column":2},"end":{"line":346,"column":3}},"113":{"start":{"line":327,"column":20},"end":{"line":327,"column":57}},"114":{"start":{"line":328,"column":4},"end":{"line":328,"column":79}},"115":{"start":{"line":328,"column":18},"end":{"line":328,"column":79}},"116":{"start":{"line":330,"column":4},"end":{"line":332,"column":5}},"117":{"start":{"line":331,"column":6},"end":{"line":331,"column":63}},"118":{"start":{"line":334,"column":19},"end":{"line":340,"column":5}},"119":{"start":{"line":342,"column":4},"end":{"line":342,"column":54}},"120":{"start":{"line":344,"column":4},"end":{"line":344,"column":46}},"121":{"start":{"line":345,"column":4},"end":{"line":345,"column":59}},"122":{"start":{"line":350,"column":0},"end":{"line":357,"column":2}}},"fnMap":{"0":{"name":"(anonymous_0)","decl":{"start":{"line":13,"column":22},"end":{"line":13,"column":23}},"loc":{"start":{"line":13,"column":42},"end":{"line":165,"column":1}},"line":13},"1":{"name":"(anonymous_1)","decl":{"start":{"line":170,"column":28},"end":{"line":170,"column":29}},"loc":{"start":{"line":170,"column":48},"end":{"line":226,"column":1}},"line":170},"2":{"name":"(anonymous_2)","decl":{"start":{"line":196,"column":25},"end":{"line":196,"column":26}},"loc":{"start":{"line":196,"column":32},"end":{"line":198,"column":5}},"line":196},"3":{"name":"(anonymous_3)","decl":{"start":{"line":200,"column":42},"end":{"line":200,"column":43}},"loc":{"start":{"line":200,"column":59},"end":{"line":213,"column":5}},"line":200},"4":{"name":"(anonymous_4)","decl":{"start":{"line":230,"column":20},"end":{"line":230,"column":21}},"loc":{"start":{"line":230,"column":40},"end":{"line":272,"column":1}},"line":230},"5":{"name":"(anonymous_5)","decl":{"start":{"line":244,"column":35},"end":{"line":244,"column":36}},"loc":{"start":{"line":244,"column":42},"end":{"line":260,"column":9}},"line":244},"6":{"name":"(anonymous_6)","decl":{"start":{"line":277,"column":23},"end":{"line":277,"column":24}},"loc":{"start":{"line":277,"column":43},"end":{"line":297,"column":1}},"line":277},"7":{"name":"(anonymous_7)","decl":{"start":{"line":303,"column":22},"end":{"line":303,"column":23}},"loc":{"start":{"line":303,"column":42},"end":{"line":320,"column":1}},"line":303},"8":{"name":"(anonymous_8)","decl":{"start":{"line":325,"column":19},"end":{"line":325,"column":20}},"loc":{"start":{"line":325,"column":39},"end":{"line":347,"column":1}},"line":325}},"branchMap":{"0":{"loc":{"start":{"line":18,"column":4},"end":{"line":22,"column":5}},"type":"if","locations":[{"start":{"line":18,"column":4},"end":{"line":22,"column":5}},{"start":{},"end":{}}],"line":18},"1":{"loc":{"start":{"line":18,"column":8},"end":{"line":18,"column":57}},"type":"binary-expr","locations":[{"start":{"line":18,"column":8},"end":{"line":18,"column":15}},{"start":{"line":18,"column":19},"end":{"line":18,"column":29}},{"start":{"line":18,"column":33},"end":{"line":18,"column":41}},{"start":{"line":18,"column":45},"end":{"line":18,"column":57}}],"line":18},"2":{"loc":{"start":{"line":26,"column":4},"end":{"line":28,"column":5}},"type":"if","locations":[{"start":{"line":26,"column":4},"end":{"line":28,"column":5}},{"start":{},"end":{}}],"line":26},"3":{"loc":{"start":{"line":29,"column":4},"end":{"line":31,"column":5}},"type":"if","locations":[{"start":{"line":29,"column":4},"end":{"line":31,"column":5}},{"start":{},"end":{}}],"line":29},"4":{"loc":{"start":{"line":32,"column":4},"end":{"line":34,"column":5}},"type":"if","locations":[{"start":{"line":32,"column":4},"end":{"line":34,"column":5}},{"start":{},"end":{}}],"line":32},"5":{"loc":{"start":{"line":37,"column":25},"end":{"line":37,"column":54}},"type":"binary-expr","locations":[{"start":{"line":37,"column":25},"end":{"line":37,"column":43}},{"start":{"line":37,"column":47},"end":{"line":37,"column":54}}],"line":37},"6":{"loc":{"start":{"line":38,"column":26},"end":{"line":38,"column":56}},"type":"binary-expr","locations":[{"start":{"line":38,"column":26},"end":{"line":38,"column":46}},{"start":{"line":38,"column":50},"end":{"line":38,"column":56}}],"line":38},"7":{"loc":{"start":{"line":39,"column":25},"end":{"line":39,"column":51}},"type":"binary-expr","locations":[{"start":{"line":39,"column":25},"end":{"line":39,"column":44}},{"start":{"line":39,"column":48},"end":{"line":39,"column":51}}],"line":39},"8":{"loc":{"start":{"line":42,"column":4},"end":{"line":48,"column":5}},"type":"if","locations":[{"start":{"line":42,"column":4},"end":{"line":48,"column":5}},{"start":{},"end":{}}],"line":42},"9":{"loc":{"start":{"line":51,"column":29},"end":{"line":51,"column":70}},"type":"binary-expr","locations":[{"start":{"line":51,"column":29},"end":{"line":51,"column":65}},{"start":{"line":51,"column":69},"end":{"line":51,"column":70}}],"line":51},"10":{"loc":{"start":{"line":58,"column":4},"end":{"line":62,"column":5}},"type":"if","locations":[{"start":{"line":58,"column":4},"end":{"line":62,"column":5}},{"start":{},"end":{}}],"line":58},"11":{"loc":{"start":{"line":58,"column":8},"end":{"line":58,"column":54}},"type":"binary-expr","locations":[{"start":{"line":58,"column":8},"end":{"line":58,"column":30}},{"start":{"line":58,"column":34},"end":{"line":58,"column":54}}],"line":58},"12":{"loc":{"start":{"line":63,"column":4},"end":{"line":67,"column":5}},"type":"if","locations":[{"start":{"line":63,"column":4},"end":{"line":67,"column":5}},{"start":{},"end":{}}],"line":63},"13":{"loc":{"start":{"line":71,"column":4},"end":{"line":76,"column":5}},"type":"if","locations":[{"start":{"line":71,"column":4},"end":{"line":76,"column":5}},{"start":{},"end":{}}],"line":71},"14":{"loc":{"start":{"line":87,"column":4},"end":{"line":99,"column":5}},"type":"if","locations":[{"start":{"line":87,"column":4},"end":{"line":99,"column":5}},{"start":{},"end":{}}],"line":87},"15":{"loc":{"start":{"line":175,"column":4},"end":{"line":179,"column":5}},"type":"if","locations":[{"start":{"line":175,"column":4},"end":{"line":179,"column":5}},{"start":{},"end":{}}],"line":175},"16":{"loc":{"start":{"line":175,"column":8},"end":{"line":175,"column":30}},"type":"binary-expr","locations":[{"start":{"line":175,"column":8},"end":{"line":175,"column":18}},{"start":{"line":175,"column":22},"end":{"line":175,"column":30}}],"line":175},"17":{"loc":{"start":{"line":182,"column":4},"end":{"line":184,"column":5}},"type":"if","locations":[{"start":{"line":182,"column":4},"end":{"line":184,"column":5}},{"start":{},"end":{}}],"line":182},"18":{"loc":{"start":{"line":186,"column":25},"end":{"line":186,"column":54}},"type":"binary-expr","locations":[{"start":{"line":186,"column":25},"end":{"line":186,"column":43}},{"start":{"line":186,"column":47},"end":{"line":186,"column":54}}],"line":186},"19":{"loc":{"start":{"line":187,"column":25},"end":{"line":187,"column":51}},"type":"binary-expr","locations":[{"start":{"line":187,"column":25},"end":{"line":187,"column":44}},{"start":{"line":187,"column":48},"end":{"line":187,"column":51}}],"line":187},"20":{"loc":{"start":{"line":188,"column":26},"end":{"line":188,"column":56}},"type":"binary-expr","locations":[{"start":{"line":188,"column":26},"end":{"line":188,"column":46}},{"start":{"line":188,"column":50},"end":{"line":188,"column":56}}],"line":188},"21":{"loc":{"start":{"line":201,"column":25},"end":{"line":201,"column":59}},"type":"binary-expr","locations":[{"start":{"line":201,"column":25},"end":{"line":201,"column":54}},{"start":{"line":201,"column":58},"end":{"line":201,"column":59}}],"line":201},"22":{"loc":{"start":{"line":202,"column":26},"end":{"line":202,"column":46}},"type":"binary-expr","locations":[{"start":{"line":202,"column":26},"end":{"line":202,"column":41}},{"start":{"line":202,"column":45},"end":{"line":202,"column":46}}],"line":202},"23":{"loc":{"start":{"line":235,"column":4},"end":{"line":265,"column":5}},"type":"switch","locations":[{"start":{"line":236,"column":6},"end":{"line":238,"column":14}},{"start":{"line":239,"column":6},"end":{"line":241,"column":14}},{"start":{"line":242,"column":6},"end":{"line":262,"column":7}},{"start":{"line":263,"column":6},"end":{"line":264,"column":64}}],"line":235},"24":{"loc":{"start":{"line":280,"column":4},"end":{"line":282,"column":5}},"type":"if","locations":[{"start":{"line":280,"column":4},"end":{"line":282,"column":5}},{"start":{},"end":{}}],"line":280},"25":{"loc":{"start":{"line":284,"column":4},"end":{"line":290,"column":5}},"type":"if","locations":[{"start":{"line":284,"column":4},"end":{"line":290,"column":5}},{"start":{},"end":{}}],"line":284},"26":{"loc":{"start":{"line":285,"column":6},"end":{"line":287,"column":38}},"type":"binary-expr","locations":[{"start":{"line":285,"column":6},"end":{"line":285,"column":31}},{"start":{"line":286,"column":6},"end":{"line":286,"column":39}},{"start":{"line":287,"column":6},"end":{"line":287,"column":38}}],"line":285},"27":{"loc":{"start":{"line":306,"column":4},"end":{"line":306,"column":80}},"type":"if","locations":[{"start":{"line":306,"column":4},"end":{"line":306,"column":80}},{"start":{},"end":{}}],"line":306},"28":{"loc":{"start":{"line":309,"column":4},"end":{"line":313,"column":5}},"type":"if","locations":[{"start":{"line":309,"column":4},"end":{"line":313,"column":5}},{"start":{},"end":{}}],"line":309},"29":{"loc":{"start":{"line":328,"column":4},"end":{"line":328,"column":79}},"type":"if","locations":[{"start":{"line":328,"column":4},"end":{"line":328,"column":79}},{"start":{},"end":{}}],"line":328},"30":{"loc":{"start":{"line":330,"column":4},"end":{"line":332,"column":5}},"type":"if","locations":[{"start":{"line":330,"column":4},"end":{"line":332,"column":5}},{"start":{},"end":{}}],"line":330},"31":{"loc":{"start":{"line":330,"column":8},"end":{"line":330,"column":70}},"type":"binary-expr","locations":[{"start":{"line":330,"column":8},"end":{"line":330,"column":41}},{"start":{"line":330,"column":45},"end":{"line":330,"column":70}}],"line":330}},"s":{"0":1,"1":1,"2":1,"3":1,"4":1,"5":14,"6":14,"7":14,"8":1,"9":13,"10":12,"11":1,"12":11,"13":1,"14":10,"15":1,"16":9,"17":9,"18":9,"19":9,"20":9,"21":1,"22":8,"23":8,"24":8,"25":8,"26":8,"27":1,"28":7,"29":1,"30":6,"31":6,"32":1,"33":5,"34":5,"35":1,"36":4,"37":4,"38":4,"39":4,"40":4,"41":4,"42":4,"43":4,"44":1,"45":1,"46":1,"47":4,"48":4,"49":4,"50":4,"51":1,"52":3,"53":3,"54":1,"55":2,"56":2,"57":2,"58":2,"59":2,"60":2,"61":2,"62":2,"63":3,"64":3,"65":3,"66":3,"67":2,"68":0,"69":0,"70":1,"71":5,"72":5,"73":5,"74":2,"75":2,"76":1,"77":1,"78":1,"79":1,"80":3,"81":3,"82":3,"83":3,"84":3,"85":1,"86":1,"87":4,"88":0,"89":0,"90":1,"91":4,"92":4,"93":4,"94":1,"95":3,"96":1,"97":2,"98":0,"99":0,"100":1,"101":4,"102":4,"103":3,"104":1,"105":2,"106":2,"107":1,"108":1,"109":1,"110":1,"111":1,"112":5,"113":5,"114":4,"115":1,"116":3,"117":1,"118":2,"119":2,"120":1,"121":1,"122":1},"f":{"0":14,"1":4,"2":2,"3":3,"4":5,"5":3,"6":4,"7":4,"8":5},"b":{"0":[1,13],"1":[14,14,13,13],"2":[1,11],"3":[1,10],"4":[1,9],"5":[9,0],"6":[9,0],"7":[9,0],"8":[1,8],"9":[8,0],"10":[1,7],"11":[8,7],"12":[1,6],"13":[1,5],"14":[1,4],"15":[1,3],"16":[4,3],"17":[1,2],"18":[2,0],"19":[2,0],"20":[2,0],"21":[3,0],"22":[3,1],"23":[2,1,1,1],"24":[1,3],"25":[1,2],"26":[3,2,1],"27":[1,2],"28":[1,1],"29":[1,3],"30":[1,2],"31":[3,2]},"_coverageSchema":"1a1c01bbd47fc00a2c39e90264f33305004495a9","hash":"60d0184ea1ac40e770ffe9f373f297836362d1b9"}
,"D:\\UoM\\2nd Year Software Project\\park-chain-backend\\src\\controllers\\CheckingCheckoutController.js": {"path":"D:\\UoM\\2nd Year Software Project\\park-chain-backend\\src\\controllers\\CheckingCheckoutController.js","statementMap":{"0":{"start":{"line":3,"column":16},"end":{"line":3,"column":44}},"1":{"start":{"line":4,"column":30},"end":{"line":4,"column":58}},"2":{"start":{"line":5,"column":30},"end":{"line":5,"column":69}},"3":{"start":{"line":10,"column":16},"end":{"line":62,"column":1}},"4":{"start":{"line":11,"column":2},"end":{"line":61,"column":3}},"5":{"start":{"line":12,"column":31},"end":{"line":12,"column":39}},"6":{"start":{"line":13,"column":45},"end":{"line":13,"column":47}},"7":{"start":{"line":15,"column":4},"end":{"line":19,"column":5}},"8":{"start":{"line":16,"column":6},"end":{"line":18,"column":9}},"9":{"start":{"line":21,"column":21},"end":{"line":21,"column":58}},"10":{"start":{"line":22,"column":4},"end":{"line":22,"column":80}},"11":{"start":{"line":22,"column":19},"end":{"line":22,"column":80}},"12":{"start":{"line":23,"column":4},"end":{"line":25,"column":5}},"13":{"start":{"line":24,"column":6},"end":{"line":24,"column":74}},"14":{"start":{"line":27,"column":21},"end":{"line":32,"column":5}},"15":{"start":{"line":34,"column":4},"end":{"line":39,"column":5}},"16":{"start":{"line":35,"column":6},"end":{"line":38,"column":9}},"17":{"start":{"line":41,"column":20},"end":{"line":41,"column":56}},"18":{"start":{"line":42,"column":4},"end":{"line":46,"column":5}},"19":{"start":{"line":43,"column":6},"end":{"line":45,"column":9}},"20":{"start":{"line":49,"column":4},"end":{"line":51,"column":7}},"21":{"start":{"line":53,"column":4},"end":{"line":57,"column":7}},"22":{"start":{"line":59,"column":4},"end":{"line":59,"column":43}},"23":{"start":{"line":60,"column":4},"end":{"line":60,"column":59}},"24":{"start":{"line":67,"column":17},"end":{"line":110,"column":1}},"25":{"start":{"line":68,"column":2},"end":{"line":109,"column":3}},"26":{"start":{"line":69,"column":21},"end":{"line":69,"column":58}},"27":{"start":{"line":70,"column":4},"end":{"line":70,"column":80}},"28":{"start":{"line":70,"column":19},"end":{"line":70,"column":80}},"29":{"start":{"line":71,"column":4},"end":{"line":73,"column":5}},"30":{"start":{"line":72,"column":6},"end":{"line":72,"column":74}},"31":{"start":{"line":75,"column":4},"end":{"line":79,"column":5}},"32":{"start":{"line":76,"column":6},"end":{"line":78,"column":9}},"33":{"start":{"line":81,"column":20},"end":{"line":81,"column":57}},"34":{"start":{"line":82,"column":4},"end":{"line":82,"column":78}},"35":{"start":{"line":82,"column":18},"end":{"line":82,"column":78}},"36":{"start":{"line":84,"column":24},"end":{"line":84,"column":62}},"37":{"start":{"line":87,"column":4},"end":{"line":89,"column":7}},"38":{"start":{"line":90,"column":4},"end":{"line":105,"column":7}},"39":{"start":{"line":107,"column":4},"end":{"line":107,"column":44}},"40":{"start":{"line":108,"column":4},"end":{"line":108,"column":60}},"41":{"start":{"line":112,"column":0},"end":{"line":115,"column":2}}},"fnMap":{"0":{"name":"(anonymous_0)","decl":{"start":{"line":10,"column":16},"end":{"line":10,"column":17}},"loc":{"start":{"line":10,"column":36},"end":{"line":62,"column":1}},"line":10},"1":{"name":"(anonymous_1)","decl":{"start":{"line":67,"column":17},"end":{"line":67,"column":18}},"loc":{"start":{"line":67,"column":37},"end":{"line":110,"column":1}},"line":67}},"branchMap":{"0":{"loc":{"start":{"line":15,"column":4},"end":{"line":19,"column":5}},"type":"if","locations":[{"start":{"line":15,"column":4},"end":{"line":19,"column":5}},{"start":{},"end":{}}],"line":15},"1":{"loc":{"start":{"line":15,"column":8},"end":{"line":15,"column":69}},"type":"binary-expr","locations":[{"start":{"line":15,"column":8},"end":{"line":15,"column":23}},{"start":{"line":15,"column":27},"end":{"line":15,"column":46}},{"start":{"line":15,"column":50},"end":{"line":15,"column":69}}],"line":15},"2":{"loc":{"start":{"line":22,"column":4},"end":{"line":22,"column":80}},"type":"if","locations":[{"start":{"line":22,"column":4},"end":{"line":22,"column":80}},{"start":{},"end":{}}],"line":22},"3":{"loc":{"start":{"line":23,"column":4},"end":{"line":25,"column":5}},"type":"if","locations":[{"start":{"line":23,"column":4},"end":{"line":25,"column":5}},{"start":{},"end":{}}],"line":23},"4":{"loc":{"start":{"line":34,"column":4},"end":{"line":39,"column":5}},"type":"if","locations":[{"start":{"line":34,"column":4},"end":{"line":39,"column":5}},{"start":{},"end":{}}],"line":34},"5":{"loc":{"start":{"line":42,"column":4},"end":{"line":46,"column":5}},"type":"if","locations":[{"start":{"line":42,"column":4},"end":{"line":46,"column":5}},{"start":{},"end":{}}],"line":42},"6":{"loc":{"start":{"line":70,"column":4},"end":{"line":70,"column":80}},"type":"if","locations":[{"start":{"line":70,"column":4},"end":{"line":70,"column":80}},{"start":{},"end":{}}],"line":70},"7":{"loc":{"start":{"line":71,"column":4},"end":{"line":73,"column":5}},"type":"if","locations":[{"start":{"line":71,"column":4},"end":{"line":73,"column":5}},{"start":{},"end":{}}],"line":71},"8":{"loc":{"start":{"line":75,"column":4},"end":{"line":79,"column":5}},"type":"if","locations":[{"start":{"line":75,"column":4},"end":{"line":79,"column":5}},{"start":{},"end":{}}],"line":75},"9":{"loc":{"start":{"line":82,"column":4},"end":{"line":82,"column":78}},"type":"if","locations":[{"start":{"line":82,"column":4},"end":{"line":82,"column":78}},{"start":{},"end":{}}],"line":82},"10":{"loc":{"start":{"line":91,"column":15},"end":{"line":93,"column":32}},"type":"cond-expr","locations":[{"start":{"line":92,"column":10},"end":{"line":92,"column":74}},{"start":{"line":93,"column":10},"end":{"line":93,"column":32}}],"line":91}},"s":{"0":1,"1":1,"2":1,"3":1,"4":9,"5":9,"6":9,"7":9,"8":2,"9":7,"10":6,"11":1,"12":5,"13":1,"14":4,"15":4,"16":1,"17":3,"18":3,"19":2,"20":1,"21":1,"22":1,"23":1,"24":1,"25":7,"26":7,"27":6,"28":1,"29":5,"30":1,"31":4,"32":1,"33":3,"34":3,"35":1,"36":2,"37":2,"38":2,"39":1,"40":1,"41":1},"f":{"0":9,"1":7},"b":{"0":[2,7],"1":[9,8,8],"2":[1,5],"3":[1,4],"4":[1,3],"5":[2,1],"6":[1,5],"7":[1,4],"8":[1,3],"9":[1,2],"10":[1,1]},"_coverageSchema":"1a1c01bbd47fc00a2c39e90264f33305004495a9","hash":"cf5e71a277642f8483fbcf323beea57f90eaa064"}
,"D:\\UoM\\2nd Year Software Project\\park-chain-backend\\src\\controllers\\FcmTokenController.js": {"path":"D:\\UoM\\2nd Year Software Project\\park-chain-backend\\src\\controllers\\FcmTokenController.js","statementMap":{"0":{"start":{"line":1,"column":17},"end":{"line":1,"column":46}},"1":{"start":{"line":2,"column":31},"end":{"line":2,"column":70}},"2":{"start":{"line":5,"column":27},"end":{"line":82,"column":1}},"3":{"start":{"line":13,"column":4},"end":{"line":13,"column":81}},"4":{"start":{"line":14,"column":4},"end":{"line":39,"column":5}},"5":{"start":{"line":15,"column":55},"end":{"line":15,"column":63}},"6":{"start":{"line":17,"column":6},"end":{"line":19,"column":7}},"7":{"start":{"line":18,"column":8},"end":{"line":18,"column":74}},"8":{"start":{"line":21,"column":31},"end":{"line":21,"column":56}},"9":{"start":{"line":22,"column":6},"end":{"line":26,"column":7}},"10":{"start":{"line":23,"column":8},"end":{"line":25,"column":11}},"11":{"start":{"line":28,"column":20},"end":{"line":33,"column":7}},"12":{"start":{"line":35,"column":6},"end":{"line":35,"column":74}},"13":{"start":{"line":37,"column":6},"end":{"line":37,"column":73}},"14":{"start":{"line":38,"column":6},"end":{"line":38,"column":75}},"15":{"start":{"line":49,"column":4},"end":{"line":66,"column":5}},"16":{"start":{"line":50,"column":28},"end":{"line":50,"column":36}},"17":{"start":{"line":52,"column":6},"end":{"line":54,"column":7}},"18":{"start":{"line":53,"column":8},"end":{"line":53,"column":74}},"19":{"start":{"line":56,"column":22},"end":{"line":56,"column":67}},"20":{"start":{"line":58,"column":6},"end":{"line":60,"column":7}},"21":{"start":{"line":59,"column":8},"end":{"line":59,"column":68}},"22":{"start":{"line":62,"column":6},"end":{"line":62,"column":64}},"23":{"start":{"line":64,"column":6},"end":{"line":64,"column":71}},"24":{"start":{"line":65,"column":6},"end":{"line":65,"column":73}},"25":{"start":{"line":74,"column":4},"end":{"line":80,"column":5}},"26":{"start":{"line":75,"column":21},"end":{"line":75,"column":64}},"27":{"start":{"line":76,"column":6},"end":{"line":76,"column":46}},"28":{"start":{"line":78,"column":6},"end":{"line":78,"column":69}},"29":{"start":{"line":79,"column":6},"end":{"line":79,"column":73}},"30":{"start":{"line":84,"column":0},"end":{"line":84,"column":36}}},"fnMap":{"0":{"name":"(anonymous_0)","decl":{"start":{"line":12,"column":2},"end":{"line":12,"column":3}},"loc":{"start":{"line":12,"column":27},"end":{"line":40,"column":3}},"line":12},"1":{"name":"(anonymous_1)","decl":{"start":{"line":48,"column":2},"end":{"line":48,"column":3}},"loc":{"start":{"line":48,"column":25},"end":{"line":67,"column":3}},"line":48},"2":{"name":"(anonymous_2)","decl":{"start":{"line":73,"column":2},"end":{"line":73,"column":3}},"loc":{"start":{"line":73,"column":23},"end":{"line":81,"column":3}},"line":73}},"branchMap":{"0":{"loc":{"start":{"line":17,"column":6},"end":{"line":19,"column":7}},"type":"if","locations":[{"start":{"line":17,"column":6},"end":{"line":19,"column":7}},{"start":{},"end":{}}],"line":17},"1":{"loc":{"start":{"line":22,"column":6},"end":{"line":26,"column":7}},"type":"if","locations":[{"start":{"line":22,"column":6},"end":{"line":26,"column":7}},{"start":{},"end":{}}],"line":22},"2":{"loc":{"start":{"line":22,"column":10},"end":{"line":22,"column":64}},"type":"binary-expr","locations":[{"start":{"line":22,"column":10},"end":{"line":22,"column":21}},{"start":{"line":22,"column":25},"end":{"line":22,"column":64}}],"line":22},"3":{"loc":{"start":{"line":31,"column":8},"end":{"line":31,"column":27}},"type":"binary-expr","locations":[{"start":{"line":31,"column":8},"end":{"line":31,"column":19}},{"start":{"line":31,"column":23},"end":{"line":31,"column":27}}],"line":31},"4":{"loc":{"start":{"line":32,"column":8},"end":{"line":32,"column":28}},"type":"binary-expr","locations":[{"start":{"line":32,"column":8},"end":{"line":32,"column":20}},{"start":{"line":32,"column":24},"end":{"line":32,"column":28}}],"line":32},"5":{"loc":{"start":{"line":52,"column":6},"end":{"line":54,"column":7}},"type":"if","locations":[{"start":{"line":52,"column":6},"end":{"line":54,"column":7}},{"start":{},"end":{}}],"line":52},"6":{"loc":{"start":{"line":58,"column":6},"end":{"line":60,"column":7}},"type":"if","locations":[{"start":{"line":58,"column":6},"end":{"line":60,"column":7}},{"start":{},"end":{}}],"line":58}},"s":{"0":0,"1":0,"2":0,"3":0,"4":0,"5":0,"6":0,"7":0,"8":0,"9":0,"10":0,"11":0,"12":0,"13":0,"14":0,"15":0,"16":0,"17":0,"18":0,"19":0,"20":0,"21":0,"22":0,"23":0,"24":0,"25":0,"26":0,"27":0,"28":0,"29":0,"30":0},"f":{"0":0,"1":0,"2":0},"b":{"0":[0,0],"1":[0,0],"2":[0,0],"3":[0,0],"4":[0,0],"5":[0,0],"6":[0,0]}}
,"D:\\UoM\\2nd Year Software Project\\park-chain-backend\\src\\controllers\\KybController.js": {"path":"D:\\UoM\\2nd Year Software Project\\park-chain-backend\\src\\controllers\\KybController.js","statementMap":{"0":{"start":{"line":1,"column":22},"end":{"line":1,"column":56}},"1":{"start":{"line":8,"column":4},"end":{"line":41,"column":5}},"2":{"start":{"line":9,"column":19},"end":{"line":9,"column":27}},"3":{"start":{"line":11,"column":64},"end":{"line":11,"column":72}},"4":{"start":{"line":12,"column":19},"end":{"line":12,"column":27}},"5":{"start":{"line":14,"column":6},"end":{"line":16,"column":7}},"6":{"start":{"line":15,"column":8},"end":{"line":15,"column":88}},"7":{"start":{"line":18,"column":6},"end":{"line":20,"column":7}},"8":{"start":{"line":19,"column":8},"end":{"line":19,"column":85}},"9":{"start":{"line":22,"column":26},"end":{"line":22,"column":35}},"10":{"start":{"line":25,"column":25},"end":{"line":32,"column":8}},"11":{"start":{"line":34,"column":6},"end":{"line":37,"column":9}},"12":{"start":{"line":39,"column":6},"end":{"line":39,"column":52}},"13":{"start":{"line":40,"column":6},"end":{"line":40,"column":93}},"14":{"start":{"line":45,"column":0},"end":{"line":45,"column":31}}},"fnMap":{"0":{"name":"(anonymous_0)","decl":{"start":{"line":7,"column":2},"end":{"line":7,"column":3}},"loc":{"start":{"line":7,"column":35},"end":{"line":42,"column":3}},"line":7}},"branchMap":{"0":{"loc":{"start":{"line":14,"column":6},"end":{"line":16,"column":7}},"type":"if","locations":[{"start":{"line":14,"column":6},"end":{"line":16,"column":7}},{"start":{},"end":{}}],"line":14},"1":{"loc":{"start":{"line":14,"column":10},"end":{"line":14,"column":46}},"type":"binary-expr","locations":[{"start":{"line":14,"column":10},"end":{"line":14,"column":21}},{"start":{"line":14,"column":25},"end":{"line":14,"column":33}},{"start":{"line":14,"column":37},"end":{"line":14,"column":46}}],"line":14},"2":{"loc":{"start":{"line":18,"column":6},"end":{"line":20,"column":7}},"type":"if","locations":[{"start":{"line":18,"column":6},"end":{"line":20,"column":7}},{"start":{},"end":{}}],"line":18},"3":{"loc":{"start":{"line":18,"column":10},"end":{"line":18,"column":29}},"type":"binary-expr","locations":[{"start":{"line":18,"column":10},"end":{"line":18,"column":15}},{"start":{"line":18,"column":19},"end":{"line":18,"column":29}}],"line":18}},"s":{"0":1,"1":5,"2":5,"3":5,"4":5,"5":5,"6":1,"7":4,"8":2,"9":2,"10":2,"11":1,"12":1,"13":1,"14":1},"f":{"0":5},"b":{"0":[1,4],"1":[5,5,4],"2":[2,2],"3":[4,3]},"_coverageSchema":"1a1c01bbd47fc00a2c39e90264f33305004495a9","hash":"688452f349d68dfd68b4dceb8aba0d118f5fdf44"}
,"D:\\UoM\\2nd Year Software Project\\park-chain-backend\\src\\controllers\\KycController.js": {"path":"D:\\UoM\\2nd Year Software Project\\park-chain-backend\\src\\controllers\\KycController.js","statementMap":{"0":{"start":{"line":1,"column":18},"end":{"line":1,"column":41}},"1":{"start":{"line":2,"column":13},"end":{"line":2,"column":38}},"2":{"start":{"line":10,"column":4},"end":{"line":69,"column":5}},"3":{"start":{"line":11,"column":19},"end":{"line":11,"column":27}},"4":{"start":{"line":12,"column":21},"end":{"line":12,"column":46}},"5":{"start":{"line":13,"column":25},"end":{"line":13,"column":48}},"6":{"start":{"line":15,"column":6},"end":{"line":17,"column":7}},"7":{"start":{"line":16,"column":8},"end":{"line":16,"column":93}},"8":{"start":{"line":20,"column":26},"end":{"line":20,"column":71}},"9":{"start":{"line":21,"column":25},"end":{"line":21,"column":53}},"10":{"start":{"line":24,"column":27},"end":{"line":28,"column":7}},"11":{"start":{"line":31,"column":23},"end":{"line":38,"column":8}},"12":{"start":{"line":40,"column":6},"end":{"line":48,"column":7}},"13":{"start":{"line":41,"column":26},"end":{"line":41,"column":47}},"14":{"start":{"line":42,"column":8},"end":{"line":42,"column":70}},"15":{"start":{"line":43,"column":8},"end":{"line":47,"column":11}},"16":{"start":{"line":50,"column":27},"end":{"line":50,"column":48}},"17":{"start":{"line":54,"column":24},"end":{"line":54,"column":66}},"18":{"start":{"line":55,"column":25},"end":{"line":55,"column":91}},"19":{"start":{"line":58,"column":6},"end":{"line":63,"column":8}},"20":{"start":{"line":65,"column":6},"end":{"line":65,"column":61}},"21":{"start":{"line":67,"column":6},"end":{"line":67,"column":60}},"22":{"start":{"line":68,"column":6},"end":{"line":68,"column":114}},"23":{"start":{"line":78,"column":4},"end":{"line":140,"column":5}},"24":{"start":{"line":79,"column":19},"end":{"line":79,"column":27}},"25":{"start":{"line":80,"column":21},"end":{"line":80,"column":46}},"26":{"start":{"line":81,"column":27},"end":{"line":81,"column":44}},"27":{"start":{"line":82,"column":26},"end":{"line":82,"column":42}},"28":{"start":{"line":85,"column":6},"end":{"line":94,"column":7}},"29":{"start":{"line":86,"column":29},"end":{"line":86,"column":54}},"30":{"start":{"line":87,"column":9},"end":{"line":93,"column":10}},"31":{"start":{"line":88,"column":12},"end":{"line":91,"column":14}},"32":{"start":{"line":92,"column":12},"end":{"line":92,"column":69}},"33":{"start":{"line":95,"column":21},"end":{"line":95,"column":49}},"34":{"start":{"line":96,"column":24},"end":{"line":96,"column":46}},"35":{"start":{"line":98,"column":6},"end":{"line":100,"column":7}},"36":{"start":{"line":99,"column":8},"end":{"line":99,"column":87}},"37":{"start":{"line":103,"column":23},"end":{"line":109,"column":8}},"38":{"start":{"line":111,"column":6},"end":{"line":113,"column":7}},"39":{"start":{"line":112,"column":8},"end":{"line":112,"column":84}},"40":{"start":{"line":115,"column":26},"end":{"line":115,"column":47}},"41":{"start":{"line":116,"column":6},"end":{"line":116,"column":64}},"42":{"start":{"line":117,"column":26},"end":{"line":117,"column":44}},"43":{"start":{"line":120,"column":31},"end":{"line":120,"column":90}},"44":{"start":{"line":123,"column":6},"end":{"line":130,"column":7}},"45":{"start":{"line":124,"column":8},"end":{"line":129,"column":9}},"46":{"start":{"line":125,"column":10},"end":{"line":128,"column":12}},"47":{"start":{"line":132,"column":6},"end":{"line":135,"column":9}},"48":{"start":{"line":138,"column":6},"end":{"line":138,"column":59}},"49":{"start":{"line":139,"column":6},"end":{"line":139,"column":106}},"50":{"start":{"line":148,"column":4},"end":{"line":208,"column":5}},"51":{"start":{"line":151,"column":36},"end":{"line":151,"column":68}},"52":{"start":{"line":153,"column":6},"end":{"line":159,"column":7}},"53":{"start":{"line":155,"column":26},"end":{"line":155,"column":90}},"54":{"start":{"line":156,"column":8},"end":{"line":158,"column":9}},"55":{"start":{"line":157,"column":10},"end":{"line":157,"column":78}},"56":{"start":{"line":161,"column":22},"end":{"line":161,"column":30}},"57":{"start":{"line":164,"column":24},"end":{"line":164,"column":56}},"58":{"start":{"line":165,"column":25},"end":{"line":165,"column":44}},"59":{"start":{"line":166,"column":24},"end":{"line":166,"column":38}},"60":{"start":{"line":168,"column":6},"end":{"line":170,"column":7}},"61":{"start":{"line":169,"column":8},"end":{"line":169,"column":94}},"62":{"start":{"line":173,"column":6},"end":{"line":200,"column":7}},"63":{"start":{"line":174,"column":8},"end":{"line":190,"column":9}},"64":{"start":{"line":176,"column":10},"end":{"line":181,"column":12}},"65":{"start":{"line":182,"column":15},"end":{"line":190,"column":9}},"66":{"start":{"line":184,"column":10},"end":{"line":189,"column":12}},"67":{"start":{"line":191,"column":8},"end":{"line":191,"column":92}},"68":{"start":{"line":192,"column":13},"end":{"line":200,"column":7}},"69":{"start":{"line":194,"column":8},"end":{"line":199,"column":9}},"70":{"start":{"line":195,"column":10},"end":{"line":198,"column":12}},"71":{"start":{"line":203,"column":6},"end":{"line":203,"column":54}},"72":{"start":{"line":205,"column":6},"end":{"line":205,"column":60}},"73":{"start":{"line":207,"column":6},"end":{"line":207,"column":63}},"74":{"start":{"line":212,"column":0},"end":{"line":212,"column":31}}},"fnMap":{"0":{"name":"(anonymous_0)","decl":{"start":{"line":9,"column":2},"end":{"line":9,"column":3}},"loc":{"start":{"line":9,"column":39},"end":{"line":70,"column":3}},"line":9},"1":{"name":"(anonymous_1)","decl":{"start":{"line":77,"column":2},"end":{"line":77,"column":3}},"loc":{"start":{"line":77,"column":44},"end":{"line":141,"column":3}},"line":77},"2":{"name":"(anonymous_2)","decl":{"start":{"line":147,"column":2},"end":{"line":147,"column":3}},"loc":{"start":{"line":147,"column":39},"end":{"line":209,"column":3}},"line":147}},"branchMap":{"0":{"loc":{"start":{"line":15,"column":6},"end":{"line":17,"column":7}},"type":"if","locations":[{"start":{"line":15,"column":6},"end":{"line":17,"column":7}},{"start":{},"end":{}}],"line":15},"1":{"loc":{"start":{"line":15,"column":10},"end":{"line":15,"column":32}},"type":"binary-expr","locations":[{"start":{"line":15,"column":10},"end":{"line":15,"column":17}},{"start":{"line":15,"column":21},"end":{"line":15,"column":32}}],"line":15},"2":{"loc":{"start":{"line":20,"column":26},"end":{"line":20,"column":71}},"type":"binary-expr","locations":[{"start":{"line":20,"column":26},"end":{"line":20,"column":44}},{"start":{"line":20,"column":48},"end":{"line":20,"column":71}}],"line":20},"3":{"loc":{"start":{"line":40,"column":6},"end":{"line":48,"column":7}},"type":"if","locations":[{"start":{"line":40,"column":6},"end":{"line":48,"column":7}},{"start":{},"end":{}}],"line":40},"4":{"loc":{"start":{"line":54,"column":24},"end":{"line":54,"column":66}},"type":"binary-expr","locations":[{"start":{"line":54,"column":24},"end":{"line":54,"column":47}},{"start":{"line":54,"column":51},"end":{"line":54,"column":66}}],"line":54},"5":{"loc":{"start":{"line":55,"column":25},"end":{"line":55,"column":91}},"type":"binary-expr","locations":[{"start":{"line":55,"column":25},"end":{"line":55,"column":41}},{"start":{"line":55,"column":45},"end":{"line":55,"column":91}}],"line":55},"6":{"loc":{"start":{"line":85,"column":6},"end":{"line":94,"column":7}},"type":"if","locations":[{"start":{"line":85,"column":6},"end":{"line":94,"column":7}},{"start":{},"end":{}}],"line":85},"7":{"loc":{"start":{"line":87,"column":9},"end":{"line":93,"column":10}},"type":"if","locations":[{"start":{"line":87,"column":9},"end":{"line":93,"column":10}},{"start":{},"end":{}}],"line":87},"8":{"loc":{"start":{"line":90,"column":29},"end":{"line":90,"column":49}},"type":"binary-expr","locations":[{"start":{"line":90,"column":29},"end":{"line":90,"column":41}},{"start":{"line":90,"column":45},"end":{"line":90,"column":49}}],"line":90},"9":{"loc":{"start":{"line":98,"column":6},"end":{"line":100,"column":7}},"type":"if","locations":[{"start":{"line":98,"column":6},"end":{"line":100,"column":7}},{"start":{},"end":{}}],"line":98},"10":{"loc":{"start":{"line":99,"column":50},"end":{"line":99,"column":83}},"type":"binary-expr","locations":[{"start":{"line":99,"column":50},"end":{"line":99,"column":67}},{"start":{"line":99,"column":71},"end":{"line":99,"column":83}}],"line":99},"11":{"loc":{"start":{"line":111,"column":6},"end":{"line":113,"column":7}},"type":"if","locations":[{"start":{"line":111,"column":6},"end":{"line":113,"column":7}},{"start":{},"end":{}}],"line":111},"12":{"loc":{"start":{"line":120,"column":31},"end":{"line":120,"column":90}},"type":"cond-expr","locations":[{"start":{"line":120,"column":45},"end":{"line":120,"column":70}},{"start":{"line":120,"column":73},"end":{"line":120,"column":90}}],"line":120},"13":{"loc":{"start":{"line":123,"column":6},"end":{"line":130,"column":7}},"type":"if","locations":[{"start":{"line":123,"column":6},"end":{"line":130,"column":7}},{"start":{},"end":{}}],"line":123},"14":{"loc":{"start":{"line":123,"column":10},"end":{"line":123,"column":109}},"type":"binary-expr","locations":[{"start":{"line":123,"column":10},"end":{"line":123,"column":41}},{"start":{"line":123,"column":45},"end":{"line":123,"column":76}},{"start":{"line":123,"column":80},"end":{"line":123,"column":109}}],"line":123},"15":{"loc":{"start":{"line":124,"column":8},"end":{"line":129,"column":9}},"type":"if","locations":[{"start":{"line":124,"column":8},"end":{"line":129,"column":9}},{"start":{},"end":{}}],"line":124},"16":{"loc":{"start":{"line":153,"column":6},"end":{"line":159,"column":7}},"type":"if","locations":[{"start":{"line":153,"column":6},"end":{"line":159,"column":7}},{"start":{},"end":{}}],"line":153},"17":{"loc":{"start":{"line":155,"column":26},"end":{"line":155,"column":90}},"type":"binary-expr","locations":[{"start":{"line":155,"column":26},"end":{"line":155,"column":58}},{"start":{"line":155,"column":62},"end":{"line":155,"column":90}}],"line":155},"18":{"loc":{"start":{"line":156,"column":8},"end":{"line":158,"column":9}},"type":"if","locations":[{"start":{"line":156,"column":8},"end":{"line":158,"column":9}},{"start":{},"end":{}}],"line":156},"19":{"loc":{"start":{"line":156,"column":12},"end":{"line":156,"column":98}},"type":"binary-expr","locations":[{"start":{"line":156,"column":12},"end":{"line":156,"column":47}},{"start":{"line":156,"column":51},"end":{"line":156,"column":98}}],"line":156},"20":{"loc":{"start":{"line":164,"column":24},"end":{"line":164,"column":56}},"type":"binary-expr","locations":[{"start":{"line":164,"column":24},"end":{"line":164,"column":42}},{"start":{"line":164,"column":46},"end":{"line":164,"column":56}}],"line":164},"21":{"loc":{"start":{"line":168,"column":6},"end":{"line":170,"column":7}},"type":"if","locations":[{"start":{"line":168,"column":6},"end":{"line":170,"column":7}},{"start":{},"end":{}}],"line":168},"22":{"loc":{"start":{"line":168,"column":10},"end":{"line":168,"column":35}},"type":"binary-expr","locations":[{"start":{"line":168,"column":10},"end":{"line":168,"column":20}},{"start":{"line":168,"column":24},"end":{"line":168,"column":35}}],"line":168},"23":{"loc":{"start":{"line":173,"column":6},"end":{"line":200,"column":7}},"type":"if","locations":[{"start":{"line":173,"column":6},"end":{"line":200,"column":7}},{"start":{"line":192,"column":13},"end":{"line":200,"column":7}}],"line":173},"24":{"loc":{"start":{"line":174,"column":8},"end":{"line":190,"column":9}},"type":"if","locations":[{"start":{"line":174,"column":8},"end":{"line":190,"column":9}},{"start":{"line":182,"column":15},"end":{"line":190,"column":9}}],"line":174},"25":{"loc":{"start":{"line":182,"column":15},"end":{"line":190,"column":9}},"type":"if","locations":[{"start":{"line":182,"column":15},"end":{"line":190,"column":9}},{"start":{},"end":{}}],"line":182},"26":{"loc":{"start":{"line":192,"column":13},"end":{"line":200,"column":7}},"type":"if","locations":[{"start":{"line":192,"column":13},"end":{"line":200,"column":7}},{"start":{},"end":{}}],"line":192},"27":{"loc":{"start":{"line":192,"column":17},"end":{"line":192,"column":67}},"type":"binary-expr","locations":[{"start":{"line":192,"column":17},"end":{"line":192,"column":41}},{"start":{"line":192,"column":45},"end":{"line":192,"column":67}}],"line":192},"28":{"loc":{"start":{"line":194,"column":8},"end":{"line":199,"column":9}},"type":"if","locations":[{"start":{"line":194,"column":8},"end":{"line":199,"column":9}},{"start":{},"end":{}}],"line":194}},"s":{"0":1,"1":1,"2":4,"3":4,"4":4,"5":4,"6":4,"7":1,"8":3,"9":3,"10":3,"11":3,"12":2,"13":1,"14":1,"15":1,"16":1,"17":1,"18":1,"19":1,"20":1,"21":1,"22":1,"23":6,"24":6,"25":6,"26":6,"27":6,"28":6,"29":1,"30":1,"31":1,"32":1,"33":5,"34":4,"35":4,"36":1,"37":3,"38":3,"39":1,"40":2,"41":2,"42":2,"43":2,"44":2,"45":1,"46":1,"47":2,"48":1,"49":1,"50":5,"51":5,"52":5,"53":5,"54":5,"55":1,"56":4,"57":4,"58":4,"59":4,"60":4,"61":1,"62":3,"63":2,"64":1,"65":1,"66":1,"67":2,"68":1,"69":1,"70":1,"71":3,"72":0,"73":0,"74":1},"f":{"0":4,"1":6,"2":5},"b":{"0":[1,3],"1":[4,3],"2":[3,2],"3":[1,1],"4":[1,0],"5":[1,0],"6":[1,5],"7":[1,0],"8":[1,0],"9":[1,3],"10":[1,0],"11":[1,2],"12":[2,0],"13":[1,1],"14":[2,1,1],"15":[1,0],"16":[5,0],"17":[5,1],"18":[1,4],"19":[5,2],"20":[4,1],"21":[1,3],"22":[4,1],"23":[2,1],"24":[1,1],"25":[1,0],"26":[1,0],"27":[1,0],"28":[1,0]},"_coverageSchema":"1a1c01bbd47fc00a2c39e90264f33305004495a9","hash":"0f290ac665593f55915192f511478f4c6471134a"}
,"D:\\UoM\\2nd Year Software Project\\park-chain-backend\\src\\controllers\\NavigationController.js": {"path":"D:\\UoM\\2nd Year Software Project\\park-chain-backend\\src\\controllers\\NavigationController.js","statementMap":{"0":{"start":{"line":1,"column":26},"end":{"line":1,"column":66}},"1":{"start":{"line":5,"column":4},"end":{"line":40,"column":5}},"2":{"start":{"line":7,"column":44},"end":{"line":7,"column":53}},"3":{"start":{"line":9,"column":6},"end":{"line":14,"column":7}},"4":{"start":{"line":10,"column":8},"end":{"line":13,"column":11}},"5":{"start":{"line":18,"column":25},"end":{"line":18,"column":64}},"6":{"start":{"line":19,"column":28},"end":{"line":19,"column":43}},"7":{"start":{"line":21,"column":24},"end":{"line":26,"column":7}},"8":{"start":{"line":28,"column":6},"end":{"line":31,"column":9}},"9":{"start":{"line":34,"column":6},"end":{"line":34,"column":67}},"10":{"start":{"line":35,"column":6},"end":{"line":39,"column":9}},"11":{"start":{"line":44,"column":0},"end":{"line":44,"column":38}}},"fnMap":{"0":{"name":"(anonymous_0)","decl":{"start":{"line":4,"column":2},"end":{"line":4,"column":3}},"loc":{"start":{"line":4,"column":34},"end":{"line":41,"column":3}},"line":4}},"branchMap":{"0":{"loc":{"start":{"line":9,"column":6},"end":{"line":14,"column":7}},"type":"if","locations":[{"start":{"line":9,"column":6},"end":{"line":14,"column":7}},{"start":{},"end":{}}],"line":9},"1":{"loc":{"start":{"line":9,"column":10},"end":{"line":9,"column":33}},"type":"binary-expr","locations":[{"start":{"line":9,"column":10},"end":{"line":9,"column":17}},{"start":{"line":9,"column":21},"end":{"line":9,"column":33}}],"line":9},"2":{"loc":{"start":{"line":18,"column":25},"end":{"line":18,"column":64}},"type":"cond-expr","locations":[{"start":{"line":18,"column":43},"end":{"line":18,"column":52}},{"start":{"line":18,"column":55},"end":{"line":18,"column":64}}],"line":18}},"s":{"0":1,"1":9,"2":9,"3":9,"4":4,"5":5,"6":5,"7":5,"8":3,"9":2,"10":2,"11":1},"f":{"0":9},"b":{"0":[4,5],"1":[9,6],"2":[1,4]},"_coverageSchema":"1a1c01bbd47fc00a2c39e90264f33305004495a9","hash":"4680ff1a93e5cb86bb6d8d186d0bff8674ec4278"}
,"D:\\UoM\\2nd Year Software Project\\park-chain-backend\\src\\controllers\\NotificationController.js": {"path":"D:\\UoM\\2nd Year Software Project\\park-chain-backend\\src\\controllers\\NotificationController.js","statementMap":{"0":{"start":{"line":1,"column":11},"end":{"line":1,"column":34}},"1":{"start":{"line":3,"column":31},"end":{"line":211,"column":1}},"2":{"start":{"line":15,"column":4},"end":{"line":73,"column":5}},"3":{"start":{"line":16,"column":21},"end":{"line":16,"column":32}},"4":{"start":{"line":17,"column":20},"end":{"line":17,"column":66}},"5":{"start":{"line":18,"column":21},"end":{"line":18,"column":52}},"6":{"start":{"line":19,"column":25},"end":{"line":19,"column":39}},"7":{"start":{"line":21,"column":6},"end":{"line":21,"column":88}},"8":{"start":{"line":23,"column":18},"end":{"line":27,"column":7}},"9":{"start":{"line":28,"column":21},"end":{"line":28,"column":29}},"10":{"start":{"line":31,"column":6},"end":{"line":35,"column":7}},"11":{"start":{"line":32,"column":23},"end":{"line":32,"column":44}},"12":{"start":{"line":33,"column":8},"end":{"line":33,"column":56}},"13":{"start":{"line":34,"column":8},"end":{"line":34,"column":28}},"14":{"start":{"line":38,"column":6},"end":{"line":40,"column":9}},"15":{"start":{"line":41,"column":6},"end":{"line":41,"column":33}},"16":{"start":{"line":43,"column":23},"end":{"line":43,"column":52}},"17":{"start":{"line":46,"column":23},"end":{"line":46,"column":83}},"18":{"start":{"line":47,"column":26},"end":{"line":47,"column":34}},"19":{"start":{"line":49,"column":6},"end":{"line":53,"column":7}},"20":{"start":{"line":50,"column":23},"end":{"line":50,"column":44}},"21":{"start":{"line":51,"column":8},"end":{"line":51,"column":42}},"22":{"start":{"line":52,"column":8},"end":{"line":52,"column":33}},"23":{"start":{"line":55,"column":36},"end":{"line":55,"column":75}},"24":{"start":{"line":56,"column":20},"end":{"line":56,"column":50}},"25":{"start":{"line":58,"column":6},"end":{"line":58,"column":49}},"26":{"start":{"line":60,"column":6},"end":{"line":69,"column":9}},"27":{"start":{"line":71,"column":6},"end":{"line":71,"column":85}},"28":{"start":{"line":72,"column":6},"end":{"line":72,"column":80}},"29":{"start":{"line":81,"column":4},"end":{"line":99,"column":5}},"30":{"start":{"line":82,"column":21},"end":{"line":82,"column":32}},"31":{"start":{"line":84,"column":23},"end":{"line":88,"column":7}},"32":{"start":{"line":90,"column":26},"end":{"line":90,"column":56}},"33":{"start":{"line":92,"column":6},"end":{"line":95,"column":9}},"34":{"start":{"line":97,"column":6},"end":{"line":97,"column":83}},"35":{"start":{"line":98,"column":6},"end":{"line":98,"column":79}},"36":{"start":{"line":107,"column":4},"end":{"line":134,"column":5}},"37":{"start":{"line":108,"column":21},"end":{"line":108,"column":32}},"38":{"start":{"line":109,"column":21},"end":{"line":109,"column":31}},"39":{"start":{"line":112,"column":34},"end":{"line":116,"column":7}},"40":{"start":{"line":118,"column":6},"end":{"line":120,"column":7}},"41":{"start":{"line":119,"column":8},"end":{"line":119,"column":75}},"42":{"start":{"line":123,"column":6},"end":{"line":128,"column":8}},"43":{"start":{"line":130,"column":6},"end":{"line":130,"column":78}},"44":{"start":{"line":132,"column":6},"end":{"line":132,"column":79}},"45":{"start":{"line":133,"column":6},"end":{"line":133,"column":86}},"46":{"start":{"line":142,"column":4},"end":{"line":159,"column":5}},"47":{"start":{"line":143,"column":21},"end":{"line":143,"column":32}},"48":{"start":{"line":145,"column":21},"end":{"line":150,"column":7}},"49":{"start":{"line":152,"column":6},"end":{"line":155,"column":9}},"50":{"start":{"line":157,"column":6},"end":{"line":157,"column":82}},"51":{"start":{"line":158,"column":6},"end":{"line":158,"column":91}},"52":{"start":{"line":167,"column":4},"end":{"line":186,"column":5}},"53":{"start":{"line":168,"column":21},"end":{"line":168,"column":32}},"54":{"start":{"line":169,"column":21},"end":{"line":169,"column":31}},"55":{"start":{"line":172,"column":21},"end":{"line":176,"column":7}},"56":{"start":{"line":178,"column":6},"end":{"line":180,"column":7}},"57":{"start":{"line":179,"column":8},"end":{"line":179,"column":75}},"58":{"start":{"line":182,"column":6},"end":{"line":182,"column":84}},"59":{"start":{"line":184,"column":6},"end":{"line":184,"column":87}},"60":{"start":{"line":185,"column":6},"end":{"line":185,"column":80}},"61":{"start":{"line":194,"column":4},"end":{"line":209,"column":5}},"62":{"start":{"line":195,"column":21},"end":{"line":195,"column":32}},"63":{"start":{"line":197,"column":21},"end":{"line":200,"column":7}},"64":{"start":{"line":202,"column":6},"end":{"line":205,"column":9}},"65":{"start":{"line":207,"column":6},"end":{"line":207,"column":91}},"66":{"start":{"line":208,"column":6},"end":{"line":208,"column":81}},"67":{"start":{"line":213,"column":0},"end":{"line":213,"column":40}}},"fnMap":{"0":{"name":"(anonymous_0)","decl":{"start":{"line":14,"column":2},"end":{"line":14,"column":3}},"loc":{"start":{"line":14,"column":35},"end":{"line":74,"column":3}},"line":14},"1":{"name":"(anonymous_1)","decl":{"start":{"line":80,"column":2},"end":{"line":80,"column":3}},"loc":{"start":{"line":80,"column":33},"end":{"line":100,"column":3}},"line":80},"2":{"name":"(anonymous_2)","decl":{"start":{"line":106,"column":2},"end":{"line":106,"column":3}},"loc":{"start":{"line":106,"column":29},"end":{"line":135,"column":3}},"line":106},"3":{"name":"(anonymous_3)","decl":{"start":{"line":141,"column":2},"end":{"line":141,"column":3}},"loc":{"start":{"line":141,"column":32},"end":{"line":160,"column":3}},"line":141},"4":{"name":"(anonymous_4)","decl":{"start":{"line":166,"column":2},"end":{"line":166,"column":3}},"loc":{"start":{"line":166,"column":37},"end":{"line":187,"column":3}},"line":166},"5":{"name":"(anonymous_5)","decl":{"start":{"line":193,"column":2},"end":{"line":193,"column":3}},"loc":{"start":{"line":193,"column":41},"end":{"line":210,"column":3}},"line":193}},"branchMap":{"0":{"loc":{"start":{"line":17,"column":29},"end":{"line":17,"column":60}},"type":"binary-expr","locations":[{"start":{"line":17,"column":29},"end":{"line":17,"column":54}},{"start":{"line":17,"column":58},"end":{"line":17,"column":60}}],"line":17},"1":{"loc":{"start":{"line":18,"column":21},"end":{"line":18,"column":52}},"type":"binary-expr","locations":[{"start":{"line":18,"column":21},"end":{"line":18,"column":47}},{"start":{"line":18,"column":51},"end":{"line":18,"column":52}}],"line":18},"2":{"loc":{"start":{"line":31,"column":6},"end":{"line":35,"column":7}},"type":"if","locations":[{"start":{"line":31,"column":6},"end":{"line":35,"column":7}},{"start":{},"end":{}}],"line":31},"3":{"loc":{"start":{"line":49,"column":6},"end":{"line":53,"column":7}},"type":"if","locations":[{"start":{"line":49,"column":6},"end":{"line":53,"column":7}},{"start":{},"end":{}}],"line":49},"4":{"loc":{"start":{"line":118,"column":6},"end":{"line":120,"column":7}},"type":"if","locations":[{"start":{"line":118,"column":6},"end":{"line":120,"column":7}},{"start":{},"end":{}}],"line":118},"5":{"loc":{"start":{"line":178,"column":6},"end":{"line":180,"column":7}},"type":"if","locations":[{"start":{"line":178,"column":6},"end":{"line":180,"column":7}},{"start":{},"end":{}}],"line":178}},"s":{"0":0,"1":0,"2":0,"3":0,"4":0,"5":0,"6":0,"7":0,"8":0,"9":0,"10":0,"11":0,"12":0,"13":0,"14":0,"15":0,"16":0,"17":0,"18":0,"19":0,"20":0,"21":0,"22":0,"23":0,"24":0,"25":0,"26":0,"27":0,"28":0,"29":0,"30":0,"31":0,"32":0,"33":0,"34":0,"35":0,"36":0,"37":0,"38":0,"39":0,"40":0,"41":0,"42":0,"43":0,"44":0,"45":0,"46":0,"47":0,"48":0,"49":0,"50":0,"51":0,"52":0,"53":0,"54":0,"55":0,"56":0,"57":0,"58":0,"59":0,"60":0,"61":0,"62":0,"63":0,"64":0,"65":0,"66":0,"67":0},"f":{"0":0,"1":0,"2":0,"3":0,"4":0,"5":0},"b":{"0":[0,0],"1":[0,0],"2":[0,0],"3":[0,0],"4":[0,0],"5":[0,0]}}
,"D:\\UoM\\2nd Year Software Project\\park-chain-backend\\src\\controllers\\PaymentController.js": {"path":"D:\\UoM\\2nd Year Software Project\\park-chain-backend\\src\\controllers\\PaymentController.js","statementMap":{"0":{"start":{"line":2,"column":20},"end":{"line":2,"column":54}},"1":{"start":{"line":3,"column":20},"end":{"line":3,"column":52}},"2":{"start":{"line":4,"column":13},"end":{"line":4,"column":38}},"3":{"start":{"line":5,"column":0},"end":{"line":5,"column":27}},"4":{"start":{"line":8,"column":19},"end":{"line":29,"column":1}},"5":{"start":{"line":9,"column":2},"end":{"line":28,"column":3}},"6":{"start":{"line":10,"column":26},"end":{"line":10,"column":66}},"7":{"start":{"line":12,"column":4},"end":{"line":17,"column":5}},"8":{"start":{"line":13,"column":6},"end":{"line":16,"column":9}},"9":{"start":{"line":19,"column":20},"end":{"line":19,"column":63}},"10":{"start":{"line":21,"column":4},"end":{"line":24,"column":7}},"11":{"start":{"line":26,"column":4},"end":{"line":26,"column":55}},"12":{"start":{"line":27,"column":4},"end":{"line":27,"column":62}},"13":{"start":{"line":32,"column":24},"end":{"line":52,"column":1}},"14":{"start":{"line":33,"column":2},"end":{"line":51,"column":3}},"15":{"start":{"line":34,"column":25},"end":{"line":34,"column":57}},"16":{"start":{"line":36,"column":4},"end":{"line":38,"column":5}},"17":{"start":{"line":37,"column":6},"end":{"line":37,"column":77}},"18":{"start":{"line":40,"column":20},"end":{"line":40,"column":62}},"19":{"start":{"line":41,"column":21},"end":{"line":41,"column":57}},"20":{"start":{"line":43,"column":4},"end":{"line":47,"column":7}},"21":{"start":{"line":49,"column":4},"end":{"line":49,"column":57}},"22":{"start":{"line":50,"column":4},"end":{"line":50,"column":68}},"23":{"start":{"line":55,"column":24},"end":{"line":74,"column":1}},"24":{"start":{"line":56,"column":2},"end":{"line":73,"column":3}},"25":{"start":{"line":57,"column":41},"end":{"line":57,"column":50}},"26":{"start":{"line":60,"column":4},"end":{"line":67,"column":5}},"27":{"start":{"line":61,"column":6},"end":{"line":61,"column":64}},"28":{"start":{"line":63,"column":6},"end":{"line":66,"column":8}},"29":{"start":{"line":69,"column":4},"end":{"line":69,"column":59}},"30":{"start":{"line":71,"column":4},"end":{"line":71,"column":60}},"31":{"start":{"line":72,"column":4},"end":{"line":72,"column":69}},"32":{"start":{"line":77,"column":26},"end":{"line":85,"column":1}},"33":{"start":{"line":78,"column":2},"end":{"line":84,"column":3}},"34":{"start":{"line":79,"column":23},"end":{"line":79,"column":33}},"35":{"start":{"line":80,"column":19},"end":{"line":80,"column":62}},"36":{"start":{"line":81,"column":4},"end":{"line":81,"column":38}},"37":{"start":{"line":83,"column":4},"end":{"line":83,"column":69}},"38":{"start":{"line":88,"column":30},"end":{"line":103,"column":1}},"39":{"start":{"line":89,"column":2},"end":{"line":102,"column":3}},"40":{"start":{"line":90,"column":21},"end":{"line":90,"column":32}},"41":{"start":{"line":91,"column":25},"end":{"line":91,"column":67}},"42":{"start":{"line":92,"column":21},"end":{"line":92,"column":66}},"43":{"start":{"line":94,"column":4},"end":{"line":98,"column":7}},"44":{"start":{"line":100,"column":4},"end":{"line":100,"column":59}},"45":{"start":{"line":101,"column":4},"end":{"line":101,"column":76}},"46":{"start":{"line":106,"column":31},"end":{"line":124,"column":1}},"47":{"start":{"line":107,"column":2},"end":{"line":123,"column":3}},"48":{"start":{"line":108,"column":21},"end":{"line":108,"column":32}},"49":{"start":{"line":109,"column":22},"end":{"line":109,"column":70}},"50":{"start":{"line":110,"column":19},"end":{"line":110,"column":85}},"51":{"start":{"line":112,"column":19},"end":{"line":112,"column":78}},"52":{"start":{"line":114,"column":4},"end":{"line":119,"column":7}},"53":{"start":{"line":121,"column":4},"end":{"line":121,"column":69}},"54":{"start":{"line":122,"column":4},"end":{"line":122,"column":85}},"55":{"start":{"line":127,"column":29},"end":{"line":144,"column":1}},"56":{"start":{"line":128,"column":2},"end":{"line":143,"column":3}},"57":{"start":{"line":129,"column":22},"end":{"line":129,"column":70}},"58":{"start":{"line":130,"column":19},"end":{"line":130,"column":85}},"59":{"start":{"line":132,"column":19},"end":{"line":132,"column":66}},"60":{"start":{"line":134,"column":4},"end":{"line":139,"column":7}},"61":{"start":{"line":141,"column":4},"end":{"line":141,"column":67}},"62":{"start":{"line":142,"column":4},"end":{"line":142,"column":83}},"63":{"start":{"line":146,"column":0},"end":{"line":154,"column":2}}},"fnMap":{"0":{"name":"(anonymous_0)","decl":{"start":{"line":8,"column":19},"end":{"line":8,"column":20}},"loc":{"start":{"line":8,"column":39},"end":{"line":29,"column":1}},"line":8},"1":{"name":"(anonymous_1)","decl":{"start":{"line":32,"column":24},"end":{"line":32,"column":25}},"loc":{"start":{"line":32,"column":44},"end":{"line":52,"column":1}},"line":32},"2":{"name":"(anonymous_2)","decl":{"start":{"line":55,"column":24},"end":{"line":55,"column":25}},"loc":{"start":{"line":55,"column":44},"end":{"line":74,"column":1}},"line":55},"3":{"name":"(anonymous_3)","decl":{"start":{"line":77,"column":26},"end":{"line":77,"column":27}},"loc":{"start":{"line":77,"column":46},"end":{"line":85,"column":1}},"line":77},"4":{"name":"(anonymous_4)","decl":{"start":{"line":88,"column":30},"end":{"line":88,"column":31}},"loc":{"start":{"line":88,"column":50},"end":{"line":103,"column":1}},"line":88},"5":{"name":"(anonymous_5)","decl":{"start":{"line":106,"column":31},"end":{"line":106,"column":32}},"loc":{"start":{"line":106,"column":51},"end":{"line":124,"column":1}},"line":106},"6":{"name":"(anonymous_6)","decl":{"start":{"line":127,"column":29},"end":{"line":127,"column":30}},"loc":{"start":{"line":127,"column":49},"end":{"line":144,"column":1}},"line":127}},"branchMap":{"0":{"loc":{"start":{"line":12,"column":4},"end":
[...]
,"D:\\UoM\\2nd Year Software Project\\park-chain-backend\\src\\services\\NavigationService.js": {"path":"D:\\UoM\\2nd Year Software Project\\park-chain-backend\\src\\services\\NavigationService.js","statementMap":{"0":{"start":{"line":1,"column":32},"end":{"line":1,"column":43}},"1":{"start":{"line":6,"column":4},"end":{"line":8,"column":5}},"2":{"start":{"line":7,"column":6},"end":{"line":7,"column":85}},"3":{"start":{"line":10,"column":23},"end":{"line":10,"column":61}},"4":{"start":{"line":14,"column":16},"end":{"line":14,"column":185}},"5":{"start":{"line":16,"column":4},"end":{"line":59,"column":5}},"6":{"start":{"line":17,"column":23},"end":{"line":17,"column":39}},"7":{"start":{"line":18,"column":19},"end":{"line":18,"column":40}},"8":{"start":{"line":20,"column":6},"end":{"line":22,"column":7}},"9":{"start":{"line":21,"column":8},"end":{"line":21,"column":108}},"10":{"start":{"line":26,"column":27},"end":{"line":50,"column":8}},"11":{"start":{"line":27,"column":20},"end":{"line":27,"column":33}},"12":{"start":{"line":30,"column":22},"end":{"line":38,"column":10}},"13":{"start":{"line":31,"column":10},"end":{"line":37,"column":12}},"14":{"start":{"line":40,"column":8},"end":{"line":49,"column":10}},"15":{"start":{"line":53,"column":6},"end":{"line":55,"column":8}},"16":{"start":{"line":57,"column":6},"end":{"line":57,"column":65}},"17":{"start":{"line":58,"column":6},"end":{"line":58,"column":18}},"18":{"start":{"line":63,"column":0},"end":{"line":63,"column":35}}},"fnMap":{"0":{"name":"(anonymous_0)","decl":{"start":{"line":5,"column":2},"end":{"line":5,"column":3}},"loc":{"start":{"line":5,"column":91},"end":{"line":60,"column":3}},"line":5},"1":{"name":"(anonymous_1)","decl":{"start":{"line":26,"column":55},"end":{"line":26,"column":56}},"loc":{"start":{"line":26,"column":73},"end":{"line":50,"column":7}},"line":26},"2":{"name":"(anonymous_2)","decl":{"start":{"line":30,"column":36},"end":{"line":30,"column":37}},"loc":{"start":{"line":30,"column":44},"end":{"line":38,"column":9}},"line":30}},"branchMap":{"0":{"loc":{"start":{"line":5,"column":50},"end":{"line":5,"column":66}},"type":"default-arg","locations":[{"start":{"line":5,"column":57},"end":{"line":5,"column":66}}],"line":5},"1":{"loc":{"start":{"line":5,"column":68},"end":{"line":5,"column":89}},"type":"default-arg","locations":[{"start":{"line":5,"column":84},"end":{"line":5,"column":89}}],"line":5},"2":{"loc":{"start":{"line":6,"column":4},"end":{"line":8,"column":5}},"type":"if","locations":[{"start":{"line":6,"column":4},"end":{"line":8,"column":5}},{"start":{},"end":{}}],"line":6},"3":{"loc":{"start":{"line":10,"column":23},"end":{"line":10,"column":61}},"type":"cond-expr","locations":[{"start":{"line":10,"column":39},"end":{"line":10,"column":56}},{"start":{"line":10,"column":59},"end":{"line":10,"column":61}}],"line":10},"4":{"loc":{"start":{"line":20,"column":6},"end":{"line":22,"column":7}},"type":"if","locations":[{"start":{"line":20,"column":6},"end":{"line":22,"column":7}},{"start":{},"end":{}}],"line":20},"5":{"loc":{"start":{"line":21,"column":67},"end":{"line":21,"column":104}},"type":"binary-expr","locations":[{"start":{"line":21,"column":67},"end":{"line":21,"column":85}},{"start":{"line":21,"column":89},"end":{"line":21,"column":104}}],"line":21},"6":{"loc":{"start":{"line":33,"column":25},"end":{"line":33,"column":103}},"type":"cond-expr","locations":[{"start":{"line":33,"column":50},"end":{"line":33,"column":98}},{"start":{"line":33,"column":101},"end":{"line":33,"column":103}}],"line":33},"7":{"loc":{"start":{"line":34,"column":27},"end":{"line":34,"column":66}},"type":"cond-expr","locations":[{"start":{"line":34,"column":43},"end":{"line":34,"column":62}},{"start":{"line":34,"column":65},"end":{"line":34,"column":66}}],"line":34},"8":{"loc":{"start":{"line":35,"column":22},"end":{"line":35,"column":49}},"type":"binary-expr","locations":[{"start":{"line":35,"column":22},"end":{"line":35,"column":35}},{"start":{"line":35,"column":39},"end":{"line":35,"column":49}}],"line":35}},"s":{"0":13,"1":10,"2":2,"3":8,"4":8,"5":8,"6":8,"7":7,"8":7,"9":2,"10":5,"11":4,"12":4,"13":2,"14":4,"15":5,"16":3,"17":3,"18":13},"f":{"0":10,"1":4,"2":2},"b":{"0":[9],"1":[10],"2":[2,8],"3":[0,8],"4":[2,5],"5":[2,1],"6":[1,1],"7":[1,1],"8":[2,1]},"_coverageSchema":"1a1c01bbd47fc00a2c39e90264f33305004495a9","hash":"ba365e8e7fb37170f2a380b45b832a26f90e55d1"}
,"D:\\UoM\\2nd Year Software Project\\park-chain-backend\\src\\services\\XrplService.js": {"path":"D:\\UoM\\2nd Year Software Project\\park-chain-backend\\src\\services\\XrplService.js","statementMap":{"0":{"start":{"line":3,"column":13},"end":{"line":3,"column":28}},"1":{"start":{"line":4,"column":0},"end":{"line":4,"column":27}},"2":{"start":{"line":8,"column":4},"end":{"line":8,"column":23}},"3":{"start":{"line":9,"column":4},"end":{"line":9,"column":47}},"4":{"start":{"line":17,"column":4},"end":{"line":17,"column":57}},"5":{"start":{"line":17,"column":50},"end":{"line":17,"column":57}},"6":{"start":{"line":18,"column":4},"end":{"line":18,"column":51}},"7":{"start":{"line":19,"column":4},"end":{"line":19,"column":32}},"8":{"start":{"line":20,"column":4},"end":{"line":20,"column":55}},"9":{"start":{"line":24,"column":4},"end":{"line":27,"column":5}},"10":{"start":{"line":25,"column":6},"end":{"line":25,"column":37}},"11":{"start":{"line":26,"column":6},"end":{"line":26,"column":44}},"12":{"start":{"line":31,"column":4},"end":{"line":31,"column":73}},"13":{"start":{"line":31,"column":52},"end":{"line":31,"column":73}},"14":{"start":{"line":42,"column":4},"end":{"line":42,"column":33}},"15":{"start":{"line":43,"column":4},"end":{"line":54,"column":5}},"16":{"start":{"line":44,"column":23},"end":{"line":48,"column":8}},"17":{"start":{"line":49,"column":27},"end":{"line":49,"column":63}},"18":{"start":{"line":50,"column":6},"end":{"line":50,"column":43}},"19":{"start":{"line":52,"column":6},"end":{"line":52,"column":58}},"20":{"start":{"line":52,"column":47},"end":{"line":52,"column":58}},"21":{"start":{"line":53,"column":6},"end":{"line":53,"column":18}},"22":{"start":{"line":62,"column":4},"end":{"line":62,"column":33}},"23":{"start":{"line":63,"column":4},"end":{"line":63,"column":52}},"24":{"start":{"line":65,"column":4},"end":{"line":101,"column":5}},"25":{"start":{"line":66,"column":23},"end":{"line":70,"column":8}},"26":{"start":{"line":72,"column":17},"end":{"line":72,"column":32}},"27":{"start":{"line":73,"column":24},"end":{"line":73,"column":66}},"28":{"start":{"line":75,"column":27},"end":{"line":75,"column":59}},"29":{"start":{"line":76,"column":28},"end":{"line":76,"column":59}},"30":{"start":{"line":78,"column":6},"end":{"line":81,"column":7}},"31":{"start":{"line":79,"column":8},"end":{"line":79,"column":56}},"32":{"start":{"line":80,"column":8},"end":{"line":80,"column":64}},"33":{"start":{"line":83,"column":6},"end":{"line":86,"column":7}},"34":{"start":{"line":84,"column":8},"end":{"line":84,"column":64}},"35":{"start":{"line":85,"column":8},"end":{"line":85,"column":63}},"36":{"start":{"line":88,"column":24},"end":{"line":88,"column":50}},"37":{"start":{"line":89,"column":6},"end":{"line":89,"column":70}},"38":{"start":{"line":91,"column":6},"end":{"line":96,"column":8}},"39":{"start":{"line":99,"column":6},"end":{"line":99,"column":54}},"40":{"start":{"line":100,"column":6},"end":{"line":100,"column":56}},"41":{"start":{"line":107,"column":4},"end":{"line":107,"column":33}},"42":{"start":{"line":108,"column":4},"end":{"line":124,"column":5}},"43":{"start":{"line":109,"column":23},"end":{"line":113,"column":8}},"44":{"start":{"line":114,"column":17},"end":{"line":114,"column":32}},"45":{"start":{"line":115,"column":6},"end":{"line":121,"column":8}},"46":{"start":{"line":123,"column":6},"end":{"line":123,"column":53}},"47":{"start":{"line":139,"column":4},"end":{"line":139,"column":33}},"48":{"start":{"line":142,"column":22},"end":{"line":142,"column":51}},"49":{"start":{"line":143,"column":4},"end":{"line":150,"column":5}},"50":{"start":{"line":144,"column":6},"end":{"line":144,"column":105}},"51":{"start":{"line":145,"column":6},"end":{"line":149,"column":8}},"52":{"start":{"line":152,"column":25},"end":{"line":152,"column":56}},"53":{"start":{"line":154,"column":20},"end":{"line":159,"column":5}},"54":{"start":{"line":162,"column":4},"end":{"line":169,"column":5}},"55":{"start":{"line":163,"column":6},"end":{"line":168,"column":9}},"56":{"start":{"line":171,"column":21},"end":{"line":171,"column":56}},"57":{"start":{"line":172,"column":19},"end":{"line":172,"column":46}},"58":{"start":{"line":174,"column":4},"end":{"line":174,"column":57}},"59":{"start":{"line":175,"column":19},"end":{"line":175,"column":66}},"60":{"start":{"line":177,"column":20},"end":{"line":177,"column":73}},"61":{"start":{"line":178,"column":4},"end":{"line":178,"column":80}},"62":{"start":{"line":180,"column":4},"end":{"line":184,"column":6}},"63":{"start":{"line":188,"column":0},"end":{"line":188,"column":35}}},"fnMap":{"0":{"name":"(anonymous_0)","decl":{"start":{"line":7,"column":2},"end":{"line":7,"column":3}},"loc":{"start":{"line":7,"column":16},"end":{"line":10,"column":3}},"line":7},"1":{"name":"(anonymous_1)","decl":{"start":{"line":16,"column":2},"end":{"line":16,"column":3}},"loc":{"start":{"line":16,"column":18},"end":{"line":21,"column":3}},"line":16},"2":{"name":"(anonymous_2)","decl":{"start":{"line":23,"column":2},"end":{"line":23,"column":3}},"loc":{"start":{"line":23,"column":21},"end":{"line":28,"column":3}},"line":23},"3":{"name":"(anonymous_3)","decl":{"start":{"line":30,"column":2},"end":{"line":30,"column":3}},"loc":{"start":{"line":30,"column":26},"end":{"line":32,"column":3}},"line":30},"4":{"name":"(anonymous_4)","decl":{"start":{"line":41,"column":2},"end":{"line":41,"column":3}},"loc":{"start":{"line":41,"column":28},"end":{"line":55,"column":3}},"line":41},"5":{"name":"(anonymous_5)","decl":{"start":{"line":61,"column":2},"end":{"line":61,"column":3}},"loc":{"start":{"line":61,"column":36},"end":{"line":102,"column":3}},"line":61},"6":{"name":"(anonymous_6)","decl":{"start":{"line":106,"column":2},"end":{"line":106,"column":3}},"loc":{"start":{"line":106,"column":34},"end":{"line":125,"column":3}},"line":106},"7":{"name":"(anonymous_7)","decl":{"start":{"line":138,"column":2},"end":{"line":138,"column":3}},"loc":{"start":{"line":138,"column":55},"end":{"line":185,"column":3}},"line":138}},"branchMap":{"0":{"loc":{"start":{"line":17,"column":4},"end":{"line":17,"column":57}},"type":"if","locations":[{"start":{"line":17,"column":4},"end":{"line":17,"column":57}},{"start":{},"end":{}}],"line":17},"1":{"loc":{"start":{"line":17,"column":8},"end":{"line":17,"column":48}},"type":"binary-expr","locations":[{"start":{"line":17,"column":8},"end":{"line":17,"column":19}},{"start":{"line":17,"column":23},"end":{"line":17,"column":48}}],"line":17},"2":{"loc":{"start":{"line":24,"column":4},"end":{"line":27,"column":5}},"type":"if","locations":[{"start":{"line":24,"column":4},"end":{"line":27,"column":5}},{"start":{},"end":{}}],"line":24},"3":{"loc":{"start":{"line":24,"column":8},"end":{"line":24,"column":48}},"type":"binary-expr","locations":[{"start":{"line":24,"column":8},"end":{"line":24,"column":19}},{"start":{"line":24,"column":23},"end":{"line":24,"column":48}}],"line":24},"4":{"loc":{"start":{"line":31,"column":4},"end":{"line":31,"column":73}},"type":"if","locations":[{"start":{"line":31,"column":4},"end":{"line":31,"column":73}},{"start":{},"end":{}}],"line":31},"5":{"loc":{"start":{"line":31,"column":8},"end":{"line":31,"column":50}},"type":"binary-expr","locations":[{"start":{"line":31,"column":8},"end":{"line":31,"column":20}},{"start":{"line":31,"column":24},"end":{"line":31,"column":50}}],"line":31},"6":{"loc":{"start":{"line":52,"column":6},"end":{"line":52,"column":58}},"type":"if","locations":[{"start":{"line":52,"column":6},"end":{"line":52,"column":58}},{"start":{},"end":{}}],"line":52},"7":{"loc":{"start":{"line":78,"column":6},"end":{"line":81,"column":7}},"type":"if","locations":[{"start":{"line":78,"column":6},"end":{"line":81,"column":7}},{"start":{},"end":{}}],"line":78},"8":{"loc":{"start":{"line":83,"column":6},"end":{"line":86,"column":7}},"type":"if","locations":[{"start":{"line":83,"column":6},"end":{"line":86,"column":7}},{"start":{},"end":{}}],"line":83},"9":{"loc":{"start":{"line":143,"column":4},"end":{"line":150,"column":5}},"type":"if","locations":[{"start":{"line":143,"column":4},"end":{"line":150,"column":5}},{"start":{},"end":{}}],"line":143},"10":{"loc":{"start":{"line":162,"column":4},"end":{"line":169,"column":5}},"type":"if","locations":[{"start":{"line":162,"column":4},"end":{"line":169,"column":5}},{"start":{},"end":{}}],"line":162},"11":{"loc":{"start":{"line":178,"column":16},"end":{"line":178,"column":78}},"type":"cond-expr","locations":[{"start":{"line":178,"column":26},"end":{"line":178,"column":52}},{"start":{"line":178,"column":55},"end":{"line":178,"column":78}}],"line":178}},"s":{"0":18,"1":18,"2":18,"3":18,"4":1,"5":1,"6":0,"7":0,"8":0,"9":3,"10":1,"11":1,"12":13,"13":0,"14":3,"15":3,"16":3,"17":1,"18":1,"19":2,"20":1,"21":1,"22":4,"23":4,"24":4,"25":4,"26":3,"27":3,"28":3,"29":3,"30":3,"31":1,"32":1,"33":2,"34":1,"35":1,"36":1,"37":1,"38":1,"39":1,"40":1,"41":3,"42":3,"43":3,"44":2,"45":2,"46":1,"47":3,"48":3,"49":3,"50":1,"51":1,"52":2,"53":2,"54":2,"55":2,"56":2,"57":2,"58":2,"59":2,"60":2,"61":2,"62":2,"63":18},"f":{"0":18,"1":1,"2":3,"3":13,"4":3,"5":4,"6":3,"7":3},"b":{"0":[1,0],"1":[1,1],"2":[1,2],"3":[3,2],"4":[0,13],"5":[13,13],"6":[1,1],"7":[1,2],"8":[1,1],"9":[1,2],"10":[2,0],"11":[1,1]},"_coverageSchema":"1a1c01bbd47fc00a2c39e90264f33305004495a9","hash":"5b2f537dacb50e025554545bf5653dc9ade1149c"}
,"D:\\UoM\\2nd Year Software Project\\park-chain-backend\\src\\services\\XummService.js": {"path":"D:\\UoM\\2nd Year Software Project\\park-chain-backend\\src\\services\\XummService.js","statementMap":{"0":{"start":{"line":4,"column":20},"end":{"line":4,"column":39}},"1":{"start":{"line":5,"column":0},"end":{"line":5,"column":27}},"2":{"start":{"line":9,"column":4},"end":{"line":9,"column":21}},"3":{"start":{"line":13,"column":4},"end":{"line":19,"column":5}},"4":{"start":{"line":14,"column":6},"end":{"line":17,"column":8}},"5":{"start":{"line":18,"column":6},"end":{"line":18,"column":42}},"6":{"start":{"line":20,"column":4},"end":{"line":20,"column":21}},"7":{"start":{"line":25,"column":4},"end":{"line":52,"column":5}},"8":{"start":{"line":26,"column":22},"end":{"line":36,"column":8}},"9":{"start":{"line":38,"column":6},"end":{"line":38,"column":50}},"10":{"start":{"line":39,"column":6},"end":{"line":39,"column":43}},"11":{"start":{"line":40,"column":6},"end":{"line":40,"column":55}},"12":{"start":{"line":41,"column":6},"end":{"line":41,"column":72}},"13":{"start":{"line":43,"column":6},"end":{"line":48,"column":8}},"14":{"start":{"line":50,"column":6},"end":{"line":50,"column":68}},"15":{"start":{"line":51,"column":6},"end":{"line":51,"column":18}},"16":{"start":{"line":56,"column":4},"end":{"line":81,"column":5}},"17":{"start":{"line":57,"column":21},"end":{"line":57,"column":60}},"18":{"start":{"line":59,"column":6},"end":{"line":59,"column":42}},"19":{"start":{"line":60,"column":6},"end":{"line":60,"column":42}},"20":{"start":{"line":61,"column":6},"end":{"line":61,"column":51}},"21":{"start":{"line":62,"column":6},"end":{"line":62,"column":65}},"22":{"start":{"line":65,"column":6},"end":{"line":70,"column":7}},"23":{"start":{"line":66,"column":8},"end":{"line":69,"column":10}},"24":{"start":{"line":73,"column":6},"end":{"line":77,"column":8}},"25":{"start":{"line":79,"column":6},"end":{"line":79,"column":72}},"26":{"start":{"line":80,"column":6},"end":{"line":80,"column":18}},"27":{"start":{"line":85,"column":4},"end":{"line":121,"column":5}},"28":{"start":{"line":86,"column":22},"end":{"line":107,"column":8}},"29":{"start":{"line":109,"column":6},"end":{"line":109,"column":50}},"30":{"start":{"line":110,"column":6},"end":{"line":110,"column":43}},"31":{"start":{"line":111,"column":6},"end":{"line":111,"column":50}},"32":{"start":{"line":113,"column":6},"end":{"line":117,"column":8}},"33":{"start":{"line":119,"column":6},"end":{"line":119,"column":67}},"34":{"start":{"line":120,"column":6},"end":{"line":120,"column":18}},"35":{"start":{"line":126,"column":4},"end":{"line":131,"column":5}},"36":{"start":{"line":127,"column":6},"end":{"line":127,"column":53}},"37":{"start":{"line":129,"column":6},"end":{"line":129,"column":66}},"38":{"start":{"line":130,"column":6},"end":{"line":130,"column":18}},"39":{"start":{"line":136,"column":0},"end":{"line":136,"column":35}}},"fnMap":{"0":{"name":"(anonymous_0)","decl":{"start":{"line":8,"column":2},"end":{"line":8,"column":3}},"loc":{"start":{"line":8,"column":16},"end":{"line":10,"column":3}},"line":8},"1":{"name":"(anonymous_1)","decl":{"start":{"line":12,"column":2},"end":{"line":12,"column":3}},"loc":{"start":{"line":12,"column":12},"end":{"line":21,"column":3}},"line":12},"2":{"name":"(anonymous_2)","decl":{"start":{"line":24,"column":2},"end":{"line":24,"column":3}},"loc":{"start":{"line":24,"column":30},"end":{"line":53,"column":3}},"line":24},"3":{"name":"(anonymous_3)","decl":{"start":{"line":55,"column":2},"end":{"line":55,"column":3}},"loc":{"start":{"line":55,"column":35},"end":{"line":82,"column":3}},"line":55},"4":{"name":"(anonymous_4)","decl":{"start":{"line":84,"column":2},"end":{"line":84,"column":3}},"loc":{"start":{"line":84,"column":77},"end":{"line":122,"column":3}},"line":84},"5":{"name":"(anonymous_5)","decl":{"start":{"line":125,"column":2},"end":{"line":125,"column":3}},"loc":{"start":{"line":125,"column":39},"end":{"line":132,"column":3}},"line":125}},"branchMap":{"0":{"loc":{"start":{"line":13,"column":4},"end":{"line":19,"column":5}},"type":"if","locations":[{"start":{"line":13,"column":4},"end":{"line":19,"column":5}},{"start":{},"end":{}}],"line":13},"1":{"loc":{"start":{"line":15,"column":8},"end":{"line":15,"column":46}},"type":"binary-expr","locations":[{"start":{"line":15,"column":8},"end":{"line":15,"column":32}},{"start":{"line":15,"column":36},"end":{"line":15,"column":46}}],"line":15},"2":{"loc":{"start":{"line":16,"column":8},"end":{"line":16,"column":52}},"type":"binary-expr","locations":[{"start":{"line":16,"column":8},"end":{"line":16,"column":35}},{"start":{"line":16,"column":39},"end":{"line":16,"column":52}}],"line":16},"3":{"loc":{"start":{"line":62,"column":29},"end":{"line":62,"column":61}},"type":"binary-expr","locations":[{"start":{"line":62,"column":29},"end":{"line":62,"column":52}},{"start":{"line":62,"column":56},"end":{"line":62,"column":61}}],"line":62},"4":{"loc":{"start":{"line":65,"column":6},"end":{"line":70,"column":7}},"type":"if","locations":[{"start":{"line":65,"column":6},"end":{"line":70,"column":7}},{"start":{},"end":{}}],"line":65},"5":{"loc":{"start":{"line":68,"column":18},"end":{"line":68,"column":77}},"type":"cond-expr","locations":[{"start":{"line":68,"column":42},"end":{"line":68,"column":58}},{"start":{"line":68,"column":61},"end":{"line":68,"column":77}}],"line":68},"6":{"loc":{"start":{"line":76,"column":19},"end":{"line":76,"column":53}},"type":"binary-expr","locations":[{"start":{"line":76,"column":19},"end":{"line":76,"column":45}},{"start":{"line":76,"column":49},"end":{"line":76,"column":53}}],"line":76}},"s":{"0":2,"1":2,"2":2,"3":11,"4":1,"5":1,"6":11,"7":2,"8":2,"9":1,"10":1,"11":1,"12":1,"13":1,"14":1,"15":1,"16":5,"17":5,"18":4,"19":4,"20":4,"21":4,"22":4,"23":2,"24":2,"25":1,"26":1,"27":2,"28":2,"29":1,"30":1,"31":1,"32":1,"33":1,"34":1,"35":2,"36":2,"37":1,"38":1,"39":2},"f":{"0":2,"1":11,"2":2,"3":5,"4":2,"5":2},"b":{"0":[1,10],"1":[1,0],"2":[1,0],"3":[4,2],"4":[2,2],"5":[1,1],"6":[2,1]},"_coverageSchema":"1a1c01bbd47fc00a2c39e90264f33305004495a9","hash":"f6795e90fd0063513f0d770a8d1e6a367ea684c3"}
}
