TN:
SF:src\controllers\AdminKybController.js
FN:11,(anonymous_0)
FN:15,(anonymous_1)
FN:36,(anonymous_2)
FN:71,(anonymous_3)
FNF:4
FNH:4
FNDA:2,(anonymous_0)
FNDA:2,(anonymous_1)
FNDA:3,(anonymous_2)
FNDA:5,(anonymous_3)
DA:1,1
DA:2,1
DA:3,1
DA:4,1
DA:12,2
DA:13,2
DA:15,2
DA:25,1
DA:27,1
DA:28,1
DA:37,3
DA:38,3
DA:39,3
DA:41,2
DA:42,1
DA:46,1
DA:60,1
DA:62,1
DA:63,1
DA:72,5
DA:73,5
DA:74,5
DA:77,5
DA:79,5
DA:80,1
DA:83,4
DA:84,4
DA:85,1
DA:89,3
DA:92,2
DA:94,1
DA:100,1
DA:104,1
DA:107,1
DA:108,1
DA:113,2
DA:119,1
DA:120,1
DA:125,1
LF:39
LH:39
BRDA:17,0,0,2
BRDA:17,0,1,1
BRDA:18,1,0,2
BRDA:18,1,1,1
BRDA:21,2,0,1
BRDA:21,2,1,1
BRDA:41,3,0,1
BRDA:41,3,1,1
BRDA:55,4,0,1
BRDA:55,4,1,0
BRDA:56,5,0,1
BRDA:56,5,1,0
BRDA:77,6,0,3
BRDA:77,6,1,2
BRDA:79,7,0,1
BRDA:79,7,1,4
BRDA:84,8,0,1
BRDA:84,8,1,3
BRDA:92,9,0,1
BRDA:92,9,1,1
BRDA:107,10,0,1
BRDA:107,10,1,0
BRDA:115,11,0,1
BRDA:115,11,1,1
BRF:24
BRH:21
end_of_record
TN:
SF:src\controllers\AuthController.js
FN:8,(anonymous_0)
FN:17,(anonymous_1)
FN:68,(anonymous_2)
FN:117,(anonymous_3)
FN:168,(anonymous_4)
FNF:5
FNH:5
FNDA:4,(anonymous_0)
FNDA:5,(anonymous_1)
FNDA:6,(anonymous_2)
FNDA:7,(anonymous_3)
FNDA:3,(anonymous_4)
DA:2,1
DA:3,1
DA:4,1
DA:5,1
DA:6,1
DA:8,1
DA:9,4
DA:17,1
DA:18,5
DA:19,5
DA:21,5
DA:22,1
DA:27,4
DA:29,4
DA:31,3
DA:32,1
DA:34,2
DA:38,2
DA:41,3
DA:43,3
DA:62,1
DA:63,1
DA:68,1
DA:69,6
DA:70,6
DA:72,6
DA:73,1
DA:78,5
DA:80,4
DA:81,1
DA:84,3
DA:85,1
DA:88,2
DA:90,2
DA:91,1
DA:94,1
DA:96,1
DA:98,1
DA:111,1
DA:112,1
DA:117,1
DA:118,7
DA:119,7
DA:120,7
DA:123,7
DA:124,1
DA:128,6
DA:129,5
DA:130,1
DA:134,4
DA:135,4
DA:136,1
DA:140,3
DA:141,1
DA:145,2
DA:146,2
DA:147,1
DA:153,1
DA:154,1
DA:156,1
DA:158,1
DA:161,1
DA:162,1
DA:168,1
DA:169,3
DA:170,3
DA:171,2
DA:172,1
DA:175,1
DA:177,1
DA:181,1
LF:71
LH:71
BRDA:12,0,0,4
BRDA:12,0,1,0
BRDA:21,1,0,1
BRDA:21,1,1,4
BRDA:27,2,0,1
BRDA:27,2,1,3
BRDA:31,3,0,1
BRDA:31,3,1,2
BRDA:72,4,0,1
BRDA:72,4,1,5
BRDA:72,5,0,6
BRDA:72,5,1,6
BRDA:80,6,0,1
BRDA:80,6,1,3
BRDA:84,7,0,1
BRDA:84,7,1,2
BRDA:90,8,0,1
BRDA:90,8,1,1
BRDA:123,9,0,1
BRDA:123,9,1,6
BRDA:123,10,0,7
BRDA:123,10,1,6
BRDA:129,11,0,1
BRDA:129,11,1,4
BRDA:129,12,0,5
BRDA:129,12,1,4
BRDA:135,13,0,1
BRDA:135,13,1,3
BRDA:140,14,0,1
BRDA:140,14,1,2
BRDA:146,15,0,1
BRDA:146,15,1,1
BRDA:171,16,0,1
BRDA:171,16,1,1
BRF:34
BRH:33
end_of_record
TN:
SF:src\controllers\BookingController.js
FN:13,(anonymous_0)
FN:170,(anonymous_1)
FN:196,(anonymous_2)
FN:200,(anonymous_3)
FN:230,(anonymous_4)
FN:244,(anonymous_5)
FN:277,(anonymous_6)
FN:303,(anonymous_7)
FN:325,(anonymous_8)
FNF:9
FNH:9
FNDA:14,(anonymous_0)
FNDA:4,(anonymous_1)
FNDA:2,(anonymous_2)
FNDA:3,(anonymous_3)
FNDA:5,(anonymous_4)
FNDA:3,(anonymous_5)
FNDA:4,(anonymous_6)
FNDA:4,(anonymous_7)
FNDA:5,(anonymous_8)
DA:5,1
DA:6,1
DA:7,1
DA:8,1
DA:13,1
DA:14,14
DA:15,14
DA:18,14
DA:19,1
DA:25,13
DA:26,12
DA:27,1
DA:29,11
DA:30,1
DA:32,10
DA:33,1
DA:37,9
DA:38,9
DA:39,9
DA:41,9
DA:42,9
DA:43,1
DA:51,8
DA:52,8
DA:55,8
DA:56,8
DA:58,8
DA:59,1
DA:63,7
DA:64,1
DA:70,6
DA:71,6
DA:72,1
DA:80,5
DA:87,5
DA:88,1
DA:102,4
DA:103,4
DA:104,4
DA:105,4
DA:106,4
DA:107,4
DA:110,4
DA:130,4
DA:162,1
DA:163,1
DA:170,1
DA:171,4
DA:172,4
DA:173,4
DA:175,4
DA:176,1
DA:181,3
DA:182,3
DA:183,1
DA:186,2
DA:187,2
DA:188,2
DA:191,2
DA:195,2
DA:196,2
DA:197,2
DA:200,2
DA:201,3
DA:202,3
DA:203,3
DA:205,3
DA:215,2
DA:223,0
DA:224,0
DA:230,1
DA:231,5
DA:232,5
DA:235,5
DA:237,2
DA:238,2
DA:240,1
DA:241,1
DA:243,1
DA:244,1
DA:245,3
DA:246,3
DA:247,3
DA:253,3
DA:254,3
DA:261,1
DA:264,1
DA:267,4
DA:269,0
DA:270,0
DA:277,1
DA:278,4
DA:279,4
DA:280,4
DA:281,1
DA:284,3
DA:289,1
DA:292,2
DA:294,0
DA:295,0
DA:303,1
DA:304,4
DA:305,4
DA:306,3
DA:308,2
DA:309,2
DA:310,1
DA:315,1
DA:317,1
DA:318,1
DA:325,1
DA:326,5
DA:327,5
DA:328,4
DA:330,3
DA:331,1
DA:334,2
DA:342,2
DA:344,1
DA:345,1
DA:350,1
LF:121
LH:115
BRDA:18,0,0,1
BRDA:18,0,1,13
BRDA:18,1,0,14
BRDA:18,1,1,14
BRDA:18,1,2,13
BRDA:18,1,3,13
BRDA:26,2,0,1
BRDA:26,2,1,11
BRDA:29,3,0,1
BRDA:29,3,1,10
BRDA:32,4,0,1
BRDA:32,4,1,9
BRDA:37,5,0,9
BRDA:37,5,1,0
BRDA:38,6,0,9
BRDA:38,6,1,0
BRDA:39,7,0,9
BRDA:39,7,1,0
BRDA:42,8,0,1
BRDA:42,8,1,8
BRDA:51,9,0,8
BRDA:51,9,1,0
BRDA:58,10,0,1
BRDA:58,10,1,7
BRDA:58,11,0,8
BRDA:58,11,1,7
BRDA:63,12,0,1
BRDA:63,12,1,6
BRDA:71,13,0,1
BRDA:71,13,1,5
BRDA:87,14,0,1
BRDA:87,14,1,4
BRDA:175,15,0,1
BRDA:175,15,1,3
BRDA:175,16,0,4
BRDA:175,16,1,3
BRDA:182,17,0,1
BRDA:182,17,1,2
BRDA:186,18,0,2
BRDA:186,18,1,0
BRDA:187,19,0,2
BRDA:187,19,1,0
BRDA:188,20,0,2
BRDA:188,20,1,0
BRDA:201,21,0,3
BRDA:201,21,1,0
BRDA:202,22,0,3
BRDA:202,22,1,1
BRDA:235,23,0,2
BRDA:235,23,1,1
BRDA:235,23,2,1
BRDA:235,23,3,1
BRDA:280,24,0,1
BRDA:280,24,1,3
BRDA:284,25,0,1
BRDA:284,25,1,2
BRDA:285,26,0,3
BRDA:285,26,1,2
BRDA:285,26,2,1
BRDA:306,27,0,1
BRDA:306,27,1,2
BRDA:309,28,0,1
BRDA:309,28,1,1
BRDA:328,29,0,1
BRDA:328,29,1,3
BRDA:330,30,0,1
BRDA:330,30,1,2
BRDA:330,31,0,3
BRDA:330,31,1,2
BRF:69
BRH:61
end_of_record
TN:
SF:src\controllers\CheckingCheckoutController.js
FN:10,(anonymous_0)
FN:67,(anonymous_1)
FNF:2
FNH:2
FNDA:9,(anonymous_0)
FNDA:7,(anonymous_1)
DA:3,1
DA:4,1
DA:5,1
DA:10,1
DA:11,9
DA:12,9
DA:13,9
DA:15,9
DA:16,2
DA:21,7
DA:22,6
DA:23,5
DA:24,1
DA:27,4
DA:34,4
DA:35,1
DA:41,3
DA:42,3
DA:43,2
DA:49,1
DA:53,1
DA:59,1
DA:60,1
DA:67,1
DA:68,7
DA:69,7
DA:70,6
DA:71,5
DA:72,1
DA:75,4
DA:76,1
DA:81,3
DA:82,3
DA:84,2
DA:87,2
DA:90,2
DA:107,1
DA:108,1
DA:112,1
LF:39
LH:39
BRDA:15,0,0,2
BRDA:15,0,1,7
BRDA:15,1,0,9
BRDA:15,1,1,8
BRDA:15,1,2,8
BRDA:22,2,0,1
BRDA:22,2,1,5
BRDA:23,3,0,1
BRDA:23,3,1,4
BRDA:34,4,0,1
BRDA:34,4,1,3
BRDA:42,5,0,2
BRDA:42,5,1,1
BRDA:70,6,0,1
BRDA:70,6,1,5
BRDA:71,7,0,1
BRDA:71,7,1,4
BRDA:75,8,0,1
BRDA:75,8,1,3
BRDA:82,9,0,1
BRDA:82,9,1,2
BRDA:91,10,0,1
BRDA:91,10,1,1
BRF:23
BRH:23
end_of_record
TN:
SF:src\controllers\FcmTokenController.js
FN:12,(anonymous_0)
FN:48,(anonymous_1)
FN:73,(anonymous_2)
FNF:3
FNH:0
FNDA:0,(anonymous_0)
FNDA:0,(anonymous_1)
FNDA:0,(anonymous_2)
DA:1,0
DA:2,0
DA:5,0
DA:13,0
DA:14,0
DA:15,0
DA:17,0
DA:18,0
DA:21,0
DA:22,0
DA:23,0
DA:28,0
DA:35,0
DA:37,0
DA:38,0
DA:49,0
DA:50,0
DA:52,0
DA:53,0
DA:56,0
DA:58,0
DA:59,0
DA:62,0
DA:64,0
DA:65,0
DA:74,0
DA:75,0
DA:76,0
DA:78,0
DA:79,0
DA:84,0
LF:31
LH:0
BRDA:17,0,0,0
BRDA:17,0,1,0
BRDA:22,1,0,0
BRDA:22,1,1,0
BRDA:22,2,0,0
BRDA:22,2,1,0
BRDA:31,3,0,0
BRDA:31,3,1,0
BRDA:32,4,0,0
BRDA:32,4,1,0
BRDA:52,5,0,0
BRDA:52,5,1,0
BRDA:58,6,0,0
BRDA:58,6,1,0
BRF:14
BRH:0
end_of_record
TN:
SF:src\controllers\KybController.js
FN:7,(anonymous_0)
FNF:1
FNH:1
FNDA:5,(anonymous_0)
DA:1,1
DA:8,5
DA:9,5
DA:11,5
DA:12,5
DA:14,5
DA:15,1
DA:18,4
DA:19,2
DA:22,2
DA:25,2
DA:34,1
DA:39,1
DA:40,1
DA:45,1
LF:15
LH:15
BRDA:14,0,0,1
BRDA:14,0,1,4
BRDA:14,1,0,5
BRDA:14,1,1,5
BRDA:14,1,2,4
BRDA:18,2,0,2
BRDA:18,2,1,2
BRDA:18,3,0,4
BRDA:18,3,1,3
BRF:9
BRH:9
end_of_record
TN:
SF:src\controllers\KycController.js
FN:9,(anonymous_0)
FN:77,(anonymous_1)
FN:147,(anonymous_2)
FNF:3
FNH:3
FNDA:4,(anonymous_0)
FNDA:6,(anonymous_1)
FNDA:5,(anonymous_2)
DA:1,1
DA:2,1
DA:10,4
DA:11,4
DA:12,4
DA:13,4
DA:15,4
DA:16,1
DA:20,3
DA:21,3
DA:24,3
DA:31,3
DA:40,2
DA:41,1
DA:42,1
DA:43,1
DA:50,1
DA:54,1
DA:55,1
DA:58,1
DA:65,1
DA:67,1
DA:68,1
DA:78,6
DA:79,6
DA:80,6
DA:81,6
DA:82,6
DA:85,6
DA:86,1
DA:87,1
DA:88,1
DA:92,1
DA:95,5
DA:96,4
DA:98,4
DA:99,1
DA:103,3
DA:111,3
DA:112,1
DA:115,2
DA:116,2
DA:117,2
DA:120,2
DA:123,2
DA:124,1
DA:125,1
DA:132,2
DA:138,1
DA:139,1
DA:148,5
DA:151,5
DA:153,5
DA:155,5
DA:156,5
DA:157,1
DA:161,4
DA:164,4
DA:165,4
DA:166,4
DA:168,4
DA:169,1
DA:173,3
DA:174,2
DA:176,1
DA:182,1
DA:184,1
DA:191,2
DA:192,1
DA:194,1
DA:195,1
DA:203,3
DA:205,0
DA:207,0
DA:212,1
LF:75
LH:73
BRDA:15,0,0,1
BRDA:15,0,1,3
BRDA:15,1,0,4
BRDA:15,1,1,3
BRDA:20,2,0,3
BRDA:20,2,1,2
BRDA:40,3,0,1
BRDA:40,3,1,1
BRDA:54,4,0,1
BRDA:54,4,1,0
BRDA:55,5,0,1
BRDA:55,5,1,0
BRDA:85,6,0,1
BRDA:85,6,1,5
BRDA:87,7,0,1
BRDA:87,7,1,0
BRDA:90,8,0,1
BRDA:90,8,1,0
BRDA:98,9,0,1
BRDA:98,9,1,3
BRDA:99,10,0,1
BRDA:99,10,1,0
BRDA:111,11,0,1
BRDA:111,11,1,2
BRDA:120,12,0,2
BRDA:120,12,1,0
BRDA:123,13,0,1
BRDA:123,13,1,1
BRDA:123,14,0,2
BRDA:123,14,1,1
BRDA:123,14,2,1
BRDA:124,15,0,1
BRDA:124,15,1,0
BRDA:153,16,0,5
BRDA:153,16,1,0
BRDA:155,17,0,5
BRDA:155,17,1,1
BRDA:156,18,0,1
BRDA:156,18,1,4
BRDA:156,19,0,5
BRDA:156,19,1,2
BRDA:164,20,0,4
BRDA:164,20,1,1
BRDA:168,21,0,1
BRDA:168,21,1,3
BRDA:168,22,0,4
BRDA:168,22,1,1
BRDA:173,23,0,2
BRDA:173,23,1,1
BRDA:174,24,0,1
BRDA:174,24,1,1
BRDA:182,25,0,1
BRDA:182,25,1,0
BRDA:192,26,0,1
BRDA:192,26,1,0
BRDA:192,27,0,1
BRDA:192,27,1,0
BRDA:194,28,0,1
BRDA:194,28,1,0
BRF:59
BRH:47
end_of_record
TN:
SF:src\controllers\NavigationController.js
FN:4,(anonymous_0)
FNF:1
FNH:1
FNDA:9,(anonymous_0)
DA:1,1
DA:5,9
DA:7,9
DA:9,9
DA:10,4
DA:18,5
DA:19,5
DA:21,5
DA:28,3
DA:34,2
DA:35,2
DA:44,1
LF:12
LH:12
BRDA:9,0,0,4
BRDA:9,0,1,5
BRDA:9,1,0,9
BRDA:9,1,1,6
BRDA:18,2,0,1
BRDA:18,2,1,4
BRF:6
BRH:6
end_of_record
TN:
SF:src\controllers\NotificationController.js
FN:14,(anonymous_0)
FN:80,(anonymous_1)
FN:106,(anonymous_2)
FN:141,(anonymous_3)
FN:166,(anonymous_4)
FN:193,(anonymous_5)
FNF:6
FNH:0
FNDA:0,(anonymous_0)
FNDA:0,(anonymous_1)
FNDA:0,(anonymous_2)
FNDA:0,(anonymous_3)
FNDA:0,(anonymous_4)
FNDA:0,(anonymous_5)
DA:1,0
DA:3,0
DA:15,0
DA:16,0
DA:17,0
DA:18,0
DA:19,0
DA:21,0
DA:23,0
DA:28,0
DA:31,0
DA:32,0
DA:33,0
DA:34,0
DA:38,0
DA:41,0
DA:43,0
DA:46,0
DA:47,0
DA:49,0
DA:50,0
DA:51,0
DA:52,0
DA:55,0
DA:56,0
DA:58,0
DA:60,0
DA:71,0
DA:72,0
DA:81,0
DA:82,0
DA:84,0
DA:90,0
DA:92,0
DA:97,0
DA:98,0
DA:107,0
DA:108,0
DA:109,0
DA:112,0
DA:118,0
DA:119,0
DA:123,0
DA:130,0
DA:132,0
DA:133,0
DA:142,0
DA:143,0
DA:145,0
DA:152,0
DA:157,0
DA:158,0
DA:167,0
DA:168,0
DA:169,0
DA:172,0
DA:178,0
DA:179,0
DA:182,0
DA:184,0
DA:185,0
DA:194,0
DA:195,0
DA:197,0
DA:202,0
DA:207,0
DA:208,0
DA:213,0
LF:68
LH:0
BRDA:17,0,0,0
BRDA:17,0,1,0
BRDA:18,1,0,0
BRDA:18,1,1,0
BRDA:31,2,0,0
BRDA:31,2,1,0
BRDA:49,3,0,0
BRDA:49,3,1,0
BRDA:118,4,0,0
BRDA:118,4,1,0
BRDA:178,5,0,0
BRDA:178,5,1,0
BRF:12
BRH:0
end_of_record
TN:
SF:src\controllers\PaymentController.js
FN:8,(anonymous_0)
FN:32,(anonymous_1)
FN:55,(anonymous_2)
FN:77,(anonymous_3)
FN:88,(anonymous_4)
FN:106,(anonymous_5)
FN:127,(anonymous_6)
FNF:7
FNH:6
FNDA:3,(anonymous_0)
FNDA:3,(anonymous_1)
FNDA:4,(anonymous_2)
FNDA:3,(anonymous_3)
FNDA:2,(anonymous_4)
FNDA:4,(anonymous_5)
FNDA:0,(anonymous_6)
DA:2,1
DA:3,1
DA:4,1
DA:5,1
DA:8,1
DA:9,3
DA:10,3
DA:12,3
DA:13,1
DA:19,2
DA:21,1
DA:26,1
DA:27,1
DA:32,1
DA:33,3
DA:34,3
DA:36,3
DA:37,1
DA:40,2
DA:41,1
DA:43,1
DA:49,1
DA:50,1
DA:55,1
DA:56,4
DA:57,4
DA:60,4
DA:61,1
DA:63,3
DA:69,3
DA:71,1
DA:72,1
DA:77,1
DA:78,3
DA:79,3
DA:80,3
DA:81,2
DA:83,1
DA:88,1
DA:89,2
DA:90,2
DA:91,2
DA:92,1
DA:94,1
DA:100,1
DA:101,1
DA:106,1
DA:107,4
DA:108,4
DA:109,4
DA:110,4
DA:112,4
DA:114,3
DA:121,1
DA:122,1
DA:127,1
DA:128,0
DA:129,0
DA:130,0
DA:132,0
DA:134,0
DA:141,0
DA:142,0
DA:146,1
LF:64
LH:57
BRDA:12,0,0,1
BRDA:12,0,1,2
BRDA:36,1,0,1
BRDA:36,1,1,2
BRDA:60,2,0,1
BRDA:60,2,1,3
BRDA:64,3,0,3
BRDA:64,3,1,2
BRDA:65,4,0,3
BRDA:65,4,1,2
BRDA:109,5,0,4
BRDA:109,5,1,0
BRDA:110,6,0,3
BRDA:110,6,1,1
BRDA:129,7,0,0
BRDA:129,7,1,0
BRDA:130,8,0,0
BRDA:130,8,1,0
BRF:18
BRH:13
end_of_record
TN:
SF:src\controllers\ReviewController.js
FN:13,(anonymous_0)
FN:75,(anonymous_1)
FN:103,(anonymous_2)
FN:122,(anonymous_3)
FN:155,(anonymous_4)
FN:183,(anonymous_5)
FN:211,(anonymous_6)
FN:233,(anonymous_7)
FN:275,(anonymous_8)
FNF:9
FNH:0
FNDA:0,(anonymous_0)
FNDA:0,(anonymous_1)
FNDA:0,(anonymous_2)
FNDA:0,(anonymous_3)
FNDA:0,(anonymous_4)
FNDA:0,(anonymous_5)
FNDA:0,(anonymous_6)
FNDA:0,(anonymous_7)
FNDA:0,(anonymous_8)
DA:6,0
DA:7,0
DA:9,0
DA:14,0
DA:15,0
DA:16,0
DA:17,0
DA:20,0
DA:21,0
DA:27,0
DA:28,0
DA:34,0
DA:35,0
DA:36,0
DA:39,0
DA:40,0
DA:46,0
DA:47,0
DA:48,0
DA:54,0
DA:62,0
DA:67,0
DA:68,0
DA:76,0
DA:77,0
DA:78,0
DA:80,0
DA:81,0
DA:83,0
DA:94,0
DA:95,0
DA:104,0
DA:105,0
DA:107,0
DA:108,0
DA:109,0
DA:112,0
DA:117,0
DA:118,0
DA:123,0
DA:124,0
DA:125,0
DA:126,0
DA:128,0
DA:129,0
DA:130,0
DA:132,0
DA:147,0
DA:148,0
DA:156,0
DA:157,0
DA:158,0
DA:159,0
DA:161,0
DA:162,0
DA:164,0
DA:175,0
DA:176,0
DA:184,0
DA:185,0
DA:186,0
DA:187,0
DA:189,0
DA:190,0
DA:192,0
DA:203,0
DA:204,0
DA:212,0
DA:213,0
DA:215,0
DA:216,0
DA:217,0
DA:220,0
DA:225,0
DA:226,0
DA:234,0
DA:235,0
DA:236,0
DA:237,0
DA:240,0
DA:241,0
DA:247,0
DA:248,0
DA:249,0
DA:253,0
DA:254,0
DA:260,0
DA:262,0
DA:267,0
DA:268,0
DA:276,0
DA:277,0
DA:278,0
DA:281,0
DA:282,0
DA:283,0
DA:287,0
DA:288,0
DA:294,0
DA:296,0
DA:300,0
DA:301,0
DA:306,0
LF:103
LH:0
BRDA:20,0,0,0
BRDA:20,0,1,0
BRDA:20,1,0,0
BRDA:20,1,1,0
BRDA:27,2,0,0
BRDA:27,2,1,0
BRDA:27,3,0,0
BRDA:27,3,1,0
BRDA:35,4,0,0
BRDA:35,4,1,0
BRDA:39,5,0,0
BRDA:39,5,1,0
BRDA:47,6,0,0
BRDA:47,6,1,0
BRDA:59,7,0,0
BRDA:59,7,1,0
BRDA:77,8,0,0
BRDA:77,8,1,0
BRDA:78,9,0,0
BRDA:78,9,1,0
BRDA:108,10,0,0
BRDA:108,10,1,0
BRDA:125,11,0,0
BRDA:125,11,1,0
BRDA:126,12,0,0
BRDA:126,12,1,0
BRDA:157,13,0,0
BRDA:157,13,1,0
BRDA:157,14,0,0
BRDA:157,14,1,0
BRDA:158,15,0,0
BRDA:158,15,1,0
BRDA:159,16,0,0
BRDA:159,16,1,0
BRDA:186,17,0,0
BRDA:186,17,1,0
BRDA:187,18,0,0
BRDA:187,18,1,0
BRDA:216,19,0,0
BRDA:216,19,1,0
BRDA:240,20,0,0
BRDA:240,20,1,0
BRDA:240,21,0,0
BRDA:240,21,1,0
BRDA:240,21,2,0
BRDA:248,22,0,0
BRDA:248,22,1,0
BRDA:253,23,0,0
BRDA:253,23,1,0
BRDA:282,24,0,0
BRDA:282,24,1,0
BRDA:287,25,0,0
BRDA:287,25,1,0
BRF:53
BRH:0
end_of_record
TN:
SF:src\controllers\SellerKybController.js
FN:9,(anonymous_0)
FN:16,(anonymous_1)
FN:36,(anonymous_2)
FN:40,(anonymous_3)
FN:42,(anonymous_4)
FN:68,(anonymous_5)
FNF:6
FNH:6
FNDA:2,(anonymous_0)
FNDA:3,(anonymous_1)
FNDA:2,(anonymous_2)
FNDA:3,(anonymous_3)
FNDA:2,(anonymous_4)
FNDA:5,(anonymous_5)
DA:1,1
DA:2,1
DA:10,2
DA:11,2
DA:14,2
DA:16,3
DA:24,1
DA:27,1
DA:28,1
DA:37,2
DA:38,2
DA:39,2
DA:40,3
DA:42,1
DA:43,2
DA:45,2
DA:56,1
DA:59,1
DA:60,1
DA:69,5
DA:70,5
DA:71,5
DA:73,5
DA:75,4
DA:76,2
DA:79,2
DA:80,1
DA:83,1
DA:92,1
DA:93,1
DA:98,1
LF:31
LH:31
BRDA:19,0,0,1
BRDA:19,0,1,2
BRDA:20,1,0,3
BRDA:20,1,1,1
BRDA:51,2,0,2
BRDA:51,2,1,1
BRDA:75,3,0,2
BRDA:75,3,1,2
BRDA:75,4,0,4
BRDA:75,4,1,3
BRDA:79,5,0,1
BRDA:79,5,1,1
BRF:12
BRH:12
end_of_record
TN:
SF:src\controllers\SpotController.js
FN:17,(anonymous_0)
FN:41,(anonymous_1)
FN:58,(anonymous_2)
FN:102,(anonymous_3)
FN:103,(anonymous_4)
FN:104,(anonymous_5)
FN:117,(anonymous_6)
FN:123,(anonymous_7)
FN:137,(anonymous_8)
FN:138,(anonymous_9)
FN:139,(anonymous_10)
FN:140,(anonymous_11)
FN:178,(anonymous_12)
FN:207,(anonymous_13)
FN:226,(anonymous_14)
FN:232,(anonymous_15)
FN:238,(anonymous_16)
FN:239,(anonymous_17)
FN:248,(anonymous_18)
FN:249,(anonymous_19)
FN:253,(anonymous_20)
FN:257,(anonymous_21)
FN:258,(anonymous_22)
FN:260,(anonymous_23)
FN:261,(anonymous_24)
FN:292,(anonymous_25)
FN:307,(anonymous_26)
FN:323,(anonymous_27)
FN:345,(anonymous_28)
FN:368,(anonymous_29)
FN:388,(anonymous_30)
FN:408,(anonymous_31)
FN:450,(anonymous_32)
FN:493,(anonymous_33)
FN:505,(anonymous_34)
FN:533,(anonymous_35)
FN:555,(anonymous_36)
FN:593,(anonymous_37)
FN:643,(anonymous_38)
FNF:39
FNH:26
FNDA:25,(anonymous_0)
FNDA:9,(anonymous_1)
FNDA:0,(anonymous_2)
FNDA:6,(anonymous_3)
FNDA:5,(anonymous_4)
FNDA:6,(anonymous_5)
FNDA:4,(anonymous_6)
FNDA:4,(anonymous_7)
FNDA:2,(anonymous_8)
FNDA:2,(anonymous_9)
FNDA:2,(anonymous_10)
FNDA:2,(anonymous_11)
FNDA:3,(anonymous_12)
FNDA:2,(anonymous_13)
FNDA:3,(anonymous_14)
FNDA:0,(anonymous_15)
FNDA:0,(anonymous_16)
FNDA:0,(anonymous_17)
FNDA:2,(anonymous_18)
FNDA:2,(anonymous_19)
FNDA:2,(anonymous_20)
FNDA:2,(anonymous_21)
FNDA:1,(anonymous_22)
FNDA:0,(anonymous_23)
FNDA:2,(anonymous_24)
FNDA:0,(anonymous_25)
FNDA:0,(anonymous_26)
FNDA:0,(anonymous_27)
FNDA:2,(anonymous_28)
FNDA:2,(anonymous_29)
FNDA:2,(anonymous_30)
FNDA:2,(anonymous_31)
FNDA:2,(anonymous_32)
FNDA:2,(anonymous_33)
FNDA:0,(anonymous_34)
FNDA:0,(anonymous_35)
FNDA:0,(anonymous_36)
FNDA:0,(anonymous_37)
FNDA:0,(anonymous_38)
DA:7,1
DA:8,1
DA:9,1
DA:10,1
DA:17,1
DA:18,25
DA:19,8
DA:21,0
DA:22,0
DA:25,0
DA:26,0
DA:27,0
DA:28,0
DA:34,0
DA:37,0
DA:41,1
DA:42,9
DA:54,9
DA:57,9
DA:58,0
DA:61,9
DA:62,9
DA:64,9
DA:65,3
DA:67,3
DA:68,1
DA:71,2
DA:72,1
DA:75,1
DA:77,1
DA:78,1
DA:81,0
DA:82,0
DA:86,6
DA:87,1
DA:92,5
DA:93,5
DA:95,5
DA:96,1
DA:102,6
DA:103,5
DA:104,6
DA:106,4
DA:110,1
DA:116,3
DA:117,4
DA:124,4
DA:131,3
DA:132,1
DA:137,2
DA:138,2
DA:139,2
DA:140,2
DA:142,2
DA:157,2
DA:158,2
DA:159,2
DA:161,2
DA:166,0
DA:167,0
DA:178,1
DA:179,3
DA:182,3
DA:184,1
DA:185,1
DA:188,2
DA:190,1
DA:191,1
DA:195,1
DA:196,1
DA:199,0
DA:200,0
DA:207,1
DA:208,2
DA:209,2
DA:211,2
DA:212,1
DA:215,1
DA:218,0
DA:219,0
DA:226,1
DA:227,3
DA:228,3
DA:231,3
DA:232,0
DA:234,3
DA:235,0
DA:236,3
DA:237,0
DA:238,0
DA:239,0
DA:242,3
DA:243,3
DA:244,1
DA:247,2
DA:248,2
DA:249,2
DA:250,1
DA:251,0
DA:253,2
DA:256,2
DA:257,2
DA:258,1
DA:259,1
DA:260,0
DA:261,2
DA:262,1
DA:263,1
DA:266,0
DA:267,0
DA:277,0
DA:278,0
DA:279,0
DA:280,0
DA:281,0
DA:282,0
DA:286,0
DA:287,0
DA:288,0
DA:289,0
DA:290,0
DA:292,0
DA:293,0
DA:294,0
DA:295,0
DA:298,0
DA:299,0
DA:300,0
DA:301,0
DA:302,0
DA:305,0
DA:307,0
DA:308,0
DA:310,0
DA:311,0
DA:320,0
DA:321,0
DA:322,0
DA:323,0
DA:326,1
DA:327,1
DA:328,1
DA:331,1
DA:332,1
DA:333,0
DA:335,1
DA:337,0
DA:338,0
DA:345,1
DA:346,2
DA:347,2
DA:349,2
DA:350,1
DA:355,1
DA:361,0
DA:368,1
DA:369,2
DA:370,2
DA:372,2
DA:373,1
DA:376,1
DA:378,1
DA:381,0
DA:388,1
DA:389,2
DA:390,2
DA:392,2
DA:393,1
DA:396,1
DA:398,1
DA:401,0
DA:408,1
DA:409,2
DA:410,2
DA:411,2
DA:413,2
DA:417,2
DA:418,1
DA:422,1
DA:427,1
DA:429,1
DA:430,0
DA:433,1
DA:435,1
DA:441,0
DA:442,0
DA:450,1
DA:451,2
DA:452,2
DA:453,2
DA:457,2
DA:463,2
DA:464,2
DA:465,1
DA:468,1
DA:471,1
DA:474,1
DA:475,1
DA:481,1
DA:484,0
DA:485,0
DA:493,1
DA:494,2
DA:495,2
DA:496,1
DA:498,1
DA:505,1
DA:506,0
DA:507,0
DA:508,0
DA:510,0
DA:519,0
DA:520,0
DA:521,0
DA:522,0
DA:523,0
DA:524,0
DA:526,0
DA:527,0
DA:528,0
DA:529,0
DA:530,0
DA:531,0
DA:533,0
DA:534,0
DA:535,0
DA:536,0
DA:538,0
DA:539,0
DA:540,0
DA:541,0
DA:543,0
DA:545,0
DA:547,0
DA:548,0
DA:555,1
DA:556,0
DA:557,0
DA:558,0
DA:560,0
DA:561,0
DA:564,0
DA:565,0
DA:567,0
DA:568,0
DA:572,0
DA:583,0
DA:585,0
DA:586,0
DA:593,1
DA:594,0
DA:595,0
DA:596,0
DA:598,0
DA:599,0
DA:602,0
DA:603,0
DA:605,0
DA:606,0
DA:609,0
DA:610,0
DA:611,0
DA:614,0
DA:615,0
DA:619,0
DA:624,0
DA:625,0
DA:628,0
DA:633,0
DA:635,0
DA:636,0
DA:643,1
DA:644,0
DA:645,0
DA:647,0
DA:648,0
DA:649,0
DA:652,0
DA:657,0
DA:659,0
DA:660,0
DA:664,1
LF:282
LH:145
BRDA:18,0,0,17
BRDA:18,0,1,8
BRDA:19,1,0,8
BRDA:19,1,1,0
BRDA:19,2,0,8
BRDA:19,2,1,0
BRDA:19,2,2,0
BRDA:21,3,0,0
BRDA:21,3,1,0
BRDA:25,4,0,0
BRDA:25,4,1,0
BRDA:25,5,0,0
BRDA:25,5,1,0
BRDA:28,6,0,0
BRDA:28,6,1,0
BRDA:57,7,0,0
BRDA:57,7,1,9
BRDA:57,8,0,9
BRDA:57,8,1,9
BRDA:64,9,0,3
BRDA:64,9,1,6
BRDA:67,10,0,1
BRDA:67,10,1,2
BRDA:67,11,0,3
BRDA:67,11,1,2
BRDA:71,12,0,1
BRDA:71,12,1,1
BRDA:77,13,0,1
BRDA:77,13,1,0
BRDA:86,14,0,1
BRDA:86,14,1,5
BRDA:86,15,0,6
BRDA:86,15,1,6
BRDA:86,15,2,6
BRDA:86,15,3,6
BRDA:95,16,0,1
BRDA:95,16,1,4
BRDA:95,17,0,5
BRDA:95,17,1,4
BRDA:106,18,0,1
BRDA:106,18,1,3
BRDA:107,19,0,4
BRDA:107,19,1,3
BRDA:124,20,0,4
BRDA:124,20,1,4
BRDA:124,20,2,4
BRDA:124,20,3,4
BRDA:124,20,4,2
BRDA:131,21,0,1
BRDA:131,21,1,2
BRDA:144,22,0,2
BRDA:144,22,1,2
BRDA:146,23,0,2
BRDA:146,23,1,1
BRDA:158,24,0,2
BRDA:158,24,1,0
BRDA:182,25,0,1
BRDA:182,25,1,2
BRDA:182,26,0,3
BRDA:182,26,1,2
BRDA:188,27,0,1
BRDA:188,27,1,1
BRDA:188,28,0,2
BRDA:188,28,1,1
BRDA:211,29,0,1
BRDA:211,29,1,1
BRDA:231,30,0,0
BRDA:231,30,1,3
BRDA:231,31,0,3
BRDA:231,31,1,3
BRDA:234,32,0,0
BRDA:234,32,1,3
BRDA:236,33,0,0
BRDA:236,33,1,3
BRDA:243,34,0,1
BRDA:243,34,1,2
BRDA:243,35,0,3
BRDA:243,35,1,3
BRDA:247,36,0,1
BRDA:247,36,1,1
BRDA:249,37,0,2
BRDA:249,37,1,2
BRDA:250,38,0,0
BRDA:250,38,1,1
BRDA:256,39,0,1
BRDA:256,39,1,1
BRDA:256,40,0,2
BRDA:256,40,1,1
BRDA:259,41,0,0
BRDA:259,41,1,1
BRDA:262,42,0,1
BRDA:262,42,1,0
BRDA:279,43,0,0
BRDA:279,43,1,0
BRDA:281,44,0,0
BRDA:281,44,1,0
BRDA:294,45,0,0
BRDA:294,45,1,0
BRDA:302,46,0,0
BRDA:302,46,1,0
BRDA:305,47,0,0
BRDA:305,47,1,0
BRDA:308,48,0,0
BRDA:308,48,1,0
BRDA:310,49,0,0
BRDA:310,49,1,0
BRDA:332,50,0,0
BRDA:332,50,1,1
BRDA:349,51,0,1
BRDA:349,51,1,1
BRDA:356,52,0,0
BRDA:356,52,1,1
BRDA:372,53,0,1
BRDA:372,53,1,1
BRDA:392,54,0,1
BRDA:392,54,1,1
BRDA:413,55,0,1
BRDA:413,55,1,1
BRDA:417,56,0,1
BRDA:417,56,1,1
BRDA:429,57,0,0
BRDA:429,57,1,1
BRDA:433,58,0,0
BRDA:433,58,1,1
BRDA:436,59,0,0
BRDA:436,59,1,1
BRDA:464,60,0,1
BRDA:464,60,1,1
BRDA:474,61,0,1
BRDA:474,61,1,0
BRDA:521,62,0,0
BRDA:521,62,1,0
BRDA:523,63,0,0
BRDA:523,63,1,0
BRDA:535,64,0,0
BRDA:535,64,1,0
BRDA:541,65,0,0
BRDA:541,65,1,0
BRDA:560,66,0,0
BRDA:560,66,1,0
BRDA:560,67,0,0
BRDA:560,67,1,0
BRDA:567,68,0,0
BRDA:567,68,1,0
BRDA:567,69,0,0
BRDA:567,69,1,0
BRDA:567,69,2,0
BRDA:598,70,0,0
BRDA:598,70,1,0
BRDA:598,71,0,0
BRDA:598,71,1,0
BRDA:605,72,0,0
BRDA:605,72,1,0
BRDA:605,73,0,0
BRDA:605,73,1,0
BRDA:605,73,2,0
BRDA:610,74,0,0
BRDA:610,74,1,0
BRDA:610,75,0,0
BRDA:610,75,1,0
BRDA:614,76,0,0
BRDA:614,76,1,0
BRDA:624,77,0,0
BRDA:624,77,1,0
BRDA:630,78,0,0
BRDA:630,78,1,0
BRDA:648,79,0,0
BRDA:648,79,1,0
BRDA:648,80,0,0
BRDA:648,80,1,0
BRF:170
BRH:90
end_of_record
TN:
SF:src\controllers\UserController.js
FN:4,(anonymous_0)
FN:23,(anonymous_1)
FN:27,(anonymous_2)
FN:65,(anonymous_3)
FN:79,(anonymous_4)
FN:105,(anonymous_5)
FN:125,(anonymous_6)
FN:142,(anonymous_7)
FN:164,(anonymous_8)
FNF:9
FNH:0
FNDA:0,(anonymous_0)
FNDA:0,(anonymous_1)
FNDA:0,(anonymous_2)
FNDA:0,(anonymous_3)
FNDA:0,(anonymous_4)
FNDA:0,(anonymous_5)
FNDA:0,(anonymous_6)
FNDA:0,(anonymous_7)
FNDA:0,(anonymous_8)
DA:2,0
DA:4,0
DA:5,0
DA:16,0
DA:17,0
DA:20,0
DA:23,0
DA:24,0
DA:27,0
DA:28,0
DA:29,0
DA:30,0
DA:31,0
DA:32,0
DA:35,0
DA:36,0
DA:37,0
DA:38,0
DA:39,0
DA:41,0
DA:44,0
DA:52,0
DA:54,0
DA:55,0
DA:58,0
DA:60,0
DA:61,0
DA:65,0
DA:66,0
DA:67,0
DA:68,0
DA:69,0
DA:72,0
DA:74,0
DA:75,0
DA:79,0
DA:80,0
DA:81,0
DA:83,0
DA:84,0
DA:87,0
DA:89,0
DA:91,0
DA:92,0
DA:95,0
DA:100,0
DA:101,0
DA:105,0
DA:106,0
DA:107,0
DA:110,0
DA:112,0
DA:113,0
DA:117,0
DA:120,0
DA:121,0
DA:125,0
DA:126,0
DA:127,0
DA:129,0
DA:130,0
DA:131,0
DA:134,0
DA:135,0
DA:137,0
DA:138,0
DA:142,0
DA:143,0
DA:144,0
DA:145,0
DA:147,0
DA:148,0
DA:151,0
DA:153,0
DA:154,0
DA:157,0
DA:159,0
DA:160,0
DA:164,0
DA:165,0
DA:166,0
DA:168,0
DA:170,0
DA:171,0
DA:174,0
DA:176,0
DA:177,0
DA:181,0
LF:88
LH:0
BRDA:7,0,0,0
BRDA:7,0,1,0
BRDA:8,1,0,0
BRDA:8,1,1,0
BRDA:9,2,0,0
BRDA:9,2,1,0
BRDA:10,3,0,0
BRDA:10,3,1,0
BRDA:11,4,0,0
BRDA:11,4,1,0
BRDA:13,5,0,0
BRDA:13,5,1,0
BRDA:16,6,0,0
BRDA:16,6,1,0
BRDA:23,7,0,0
BRDA:24,8,0,0
BRDA:24,8,1,0
BRDA:24,8,2,0
BRDA:24,8,3,0
BRDA:35,9,0,0
BRDA:35,9,1,0
BRDA:36,10,0,0
BRDA:36,10,1,0
BRDA:39,11,0,0
BRDA:39,11,1,0
BRDA:52,12,0,0
BRDA:52,12,1,0
BRDA:54,13,0,0
BRDA:54,13,1,0
BRDA:68,14,0,0
BRDA:68,14,1,0
BRDA:83,15,0,0
BRDA:83,15,1,0
BRDA:91,16,0,0
BRDA:91,16,1,0
BRDA:112,17,0,0
BRDA:112,17,1,0
BRDA:129,18,0,0
BRDA:129,18,1,0
BRDA:147,19,0,0
BRDA:147,19,1,0
BRDA:147,20,0,0
BRDA:147,20,1,0
BRDA:153,21,0,0
BRDA:153,21,1,0
BRDA:170,22,0,0
BRDA:170,22,1,0
BRF:47
BRH:0
end_of_record
TN:
SF:src\controllers\UtilsController.js
FN:3,(anonymous_0)
FNF:1
FNH:1
FNDA:5,(anonymous_0)
DA:3,1
DA:4,5
DA:5,5
DA:7,5
DA:8,1
DA:12,4
DA:13,4
DA:14,4
DA:15,3
DA:17,1
DA:22,4
DA:25,4
DA:26,2
DA:30,4
DA:31,1
DA:35,4
DA:36,1
DA:39,4
DA:40,3
DA:41,3
DA:43,3
DA:53,1
DA:59,0
DA:60,0
DA:64,1
LF:25
LH:23
BRDA:7,0,0,1
BRDA:7,0,1,4
BRDA:25,1,0,2
BRDA:25,1,1,2
BRDA:30,2,0,1
BRDA:30,2,1,3
BRDA:35,3,0,1
BRDA:35,3,1,3
BRDA:39,4,0,3
BRDA:39,4,1,1
BRDA:39,5,0,4
BRDA:39,5,1,3
BRF:12
BRH:12
end_of_record
TN:
SF:src\controllers\XummController.js
FN:9,(anonymous_0)
FN:20,(anonymous_1)
FN:43,(anonymous_2)
FN:100,(anonymous_3)
FN:197,(anonymous_4)
FNF:5
FNH:5
FNDA:6,(anonymous_0)
FNDA:4,(anonymous_1)
FNDA:9,(anonymous_2)
FNDA:11,(anonymous_3)
FNDA:15,(anonymous_4)
DA:2,1
DA:3,1
DA:4,1
DA:5,1
DA:6,1
DA:9,1
DA:10,6
DA:20,1
DA:21,4
DA:23,4
DA:26,3
DA:33,1
DA:34,1
DA:43,1
DA:44,9
DA:45,9
DA:48,9
DA:49,1
DA:55,8
DA:57,7
DA:58,1
DA:64,6
DA:65,6
DA:68,6
DA:70,6
DA:71,4
DA:73,2
DA:77,2
DA:81,6
DA:83,6
DA:90,1
DA:91,1
DA:100,1
DA:101,11
DA:102,11
DA:105,11
DA:106,1
DA:112,10
DA:113,10
DA:114,1
DA:119,9
DA:120,9
DA:121,9
DA:123,9
DA:124,1
DA:130,8
DA:131,8
DA:133,8
DA:134,1
DA:140,7
DA:141,1
DA:147,6
DA:148,1
DA:154,5
DA:155,5
DA:156,1
DA:162,4
DA:163,4
DA:166,4
DA:174,4
DA:176,4
DA:187,0
DA:188,0
DA:197,1
DA:198,15
DA:199,15
DA:202,15
DA:203,2
DA:209,13
DA:210,13
DA:211,1
DA:215,12
DA:216,12
DA:219,12
DA:221,12
DA:223,2
DA:224,2
DA:225,2
DA:227,2
DA:233,10
DA:236,10
DA:237,10
DA:239,10
DA:240,1
DA:246,9
DA:247,9
DA:248,9
DA:251,9
DA:252,9
DA:253,9
DA:256,9
DA:257,9
DA:272,9
DA:273,9
DA:274,9
DA:276,9
DA:283,9
DA:286,7
DA:300,7
DA:301,7
DA:303,7
DA:306,7
DA:311,7
DA:317,7
DA:348,2
DA:349,2
DA:350,2
DA:352,2
DA:358,0
DA:359,0
DA:365,1
LF:111
LH:107
BRDA:13,0,0,6
BRDA:13,0,1,0
BRDA:48,1,0,1
BRDA:48,1,1,8
BRDA:57,2,0,1
BRDA:57,2,1,6
BRDA:70,3,0,4
BRDA:70,3,1,2
BRDA:105,4,0,1
BRDA:105,4,1,10
BRDA:113,5,0,1
BRDA:113,5,1,9
BRDA:113,6,0,10
BRDA:113,6,1,9
BRDA:123,7,0,1
BRDA:123,7,1,8
BRDA:133,8,0,1
BRDA:133,8,1,7
BRDA:140,9,0,1
BRDA:140,9,1,6
BRDA:147,10,0,1
BRDA:147,10,1,5
BRDA:155,11,0,1
BRDA:155,11,1,4
BRDA:202,12,0,2
BRDA:202,12,1,13
BRDA:202,13,0,15
BRDA:202,13,1,14
BRDA:210,14,0,1
BRDA:210,14,1,12
BRDA:210,15,0,13
BRDA:210,15,1,12
BRDA:221,16,0,2
BRDA:221,16,1,10
BRDA:239,17,0,1
BRDA:239,17,1,9
BRDA:247,18,0,9
BRDA:247,18,1,0
BRDA:256,19,0,9
BRDA:256,19,1,0
BRDA:283,20,0,7
BRDA:283,20,1,2
BRDA:333,21,0,7
BRDA:333,21,1,0
BRF:44
BRH:40
end_of_record
TN:
SF:src\models\Booking.js
FN:9,(anonymous_0)
FN:40,(anonymous_1)
FN:71,(anonymous_2)
FN:101,(anonymous_3)
FN:130,(anonymous_4)
FN:187,(anonymous_5)
FN:201,(anonymous_6)
FN:215,(anonymous_7)
FN:231,(anonymous_8)
FN:284,(anonymous_9)
FN:300,(anonymous_10)
FN:323,(anonymous_11)
FN:353,(anonymous_12)
FNF:13
FNH:13
FNDA:2,(anonymous_0)
FNDA:2,(anonymous_1)
FNDA:3,(anonymous_2)
FNDA:2,(anonymous_3)
FNDA:2,(anonymous_4)
FNDA:2,(anonymous_5)
FNDA:2,(anonymous_6)
FNDA:2,(anonymous_7)
FNDA:4,(anonymous_8)
FNDA:3,(anonymous_9)
FNDA:2,(anonymous_10)
FNDA:4,(anonymous_11)
FNDA:2,(anonymous_12)
DA:3,4
DA:17,2
DA:34,1
DA:41,2
DA:65,2
DA:72,3
DA:85,3
DA:87,3
DA:88,1
DA:89,1
DA:92,3
DA:94,3
DA:95,3
DA:102,2
DA:114,2
DA:116,2
DA:117,1
DA:118,1
DA:121,2
DA:123,2
DA:124,2
DA:131,2
DA:181,2
DA:188,2
DA:195,2
DA:202,2
DA:209,2
DA:216,2
DA:225,2
DA:232,4
DA:237,4
DA:239,3
DA:240,3
DA:241,3
DA:243,3
DA:244,3
DA:248,3
DA:249,3
DA:253,3
DA:254,3
DA:255,3
DA:258,3
DA:259,3
DA:261,3
DA:278,3
DA:285,3
DA:294,3
DA:301,2
DA:309,2
DA:311,2
DA:312,1
DA:313,1
DA:316,2
DA:317,2
DA:330,4
DA:339,4
DA:341,4
DA:342,1
DA:343,1
DA:346,4
DA:347,4
DA:354,2
DA:366,2
DA:370,4
LF:64
LH:64
BRDA:65,0,0,2
BRDA:65,0,1,1
BRDA:71,1,0,2
BRDA:87,2,0,1
BRDA:87,2,1,2
BRDA:101,3,0,1
BRDA:116,4,0,1
BRDA:116,4,1,1
BRDA:195,5,0,2
BRDA:195,5,1,1
BRDA:209,6,0,2
BRDA:209,6,1,1
BRDA:225,7,0,2
BRDA:225,7,1,1
BRDA:237,8,0,1
BRDA:237,8,1,3
BRDA:278,9,0,3
BRDA:278,9,1,0
BRDA:294,10,0,3
BRDA:294,10,1,1
BRDA:300,11,0,1
BRDA:311,12,0,1
BRDA:311,12,1,1
BRDA:328,13,0,3
BRDA:341,14,0,1
BRDA:341,14,1,3
BRF:26
BRH:25
end_of_record
TN:
SF:src\models\FcmToken.js
FN:8,(anonymous_0)
FN:29,(anonymous_1)
FN:42,(anonymous_2)
FN:56,(anonymous_3)
FN:66,(anonymous_4)
FNF:5
FNH:0
FNDA:0,(anonymous_0)
FNDA:0,(anonymous_1)
FNDA:0,(anonymous_2)
FNDA:0,(anonymous_3)
FNDA:0,(anonymous_4)
DA:1,0
DA:3,0
DA:9,0
DA:22,0
DA:30,0
DA:36,0
DA:43,0
DA:50,0
DA:57,0
DA:67,0
DA:73,0
DA:77,0
LF:12
LH:0
BRDA:8,0,0,0
BRDA:8,1,0,0
BRF:2
BRH:0
end_of_record
TN:
SF:src\models\KybSubmission.js
FN:7,(anonymous_0)
FN:35,(anonymous_1)
FN:49,(anonymous_2)
FN:67,(anonymous_3)
FN:81,(anonymous_4)
FNF:5
FNH:5
FNDA:1,(anonymous_0)
FNDA:2,(anonymous_1)
FNDA:1,(anonymous_2)
FNDA:1,(anonymous_3)
FNDA:1,(anonymous_4)
DA:1,5
DA:15,1
DA:29,1
DA:36,2
DA:43,2
DA:50,1
DA:61,1
DA:68,1
DA:75,1
DA:82,1
DA:89,1
DA:93,5
LF:12
LH:12
BRDA:43,0,0,2
BRDA:43,0,1,1
BRDA:87,1,0,1
BRDA:87,1,1,0
BRDA:89,2,0,1
BRDA:89,2,1,0
BRF:6
BRH:4
end_of_record
TN:
SF:src\models\Review.js
FN:9,(anonymous_0)
FN:22,(anonymous_1)
FN:48,(anonymous_2)
FN:70,(anonymous_3)
FN:78,(anonymous_4)
FN:99,(anonymous_5)
FN:110,(anonymous_6)
FN:121,(anonymous_7)
FN:141,(anonymous_8)
FN:152,(anonymous_9)
FN:174,(anonymous_10)
FN:187,(anonymous_11)
FN:202,(anonymous_12)
FN:210,(anonymous_13)
FNF:14
FNH:0
FNDA:0,(anonymous_0)
FNDA:0,(anonymous_1)
FNDA:0,(anonymous_2)
FNDA:0,(anonymous_3)
FNDA:0,(anonymous_4)
FNDA:0,(anonymous_5)
FNDA:0,(anonymous_6)
FNDA:0,(anonymous_7)
FNDA:0,(anonymous_8)
FNDA:0,(anonymous_9)
FNDA:0,(anonymous_10)
FNDA:0,(anonymous_11)
FNDA:0,(anonymous_12)
FNDA:0,(anonymous_13)
DA:3,0
DA:10,0
DA:16,0
DA:23,0
DA:42,0
DA:49,0
DA:64,0
DA:71,0
DA:72,0
DA:79,0
DA:93,0
DA:100,0
DA:104,0
DA:111,0
DA:115,0
DA:122,0
DA:135,0
DA:142,0
DA:146,0
DA:153,0
DA:168,0
DA:175,0
DA:181,0
DA:188,0
DA:196,0
DA:203,0
DA:204,0
DA:211,0
DA:215,0
DA:219,0
LF:30
LH:0
BRDA:42,0,0,0
BRDA:42,0,1,0
BRDA:48,1,0,0
BRDA:48,2,0,0
BRDA:48,3,0,0
BRDA:78,4,0,0
BRDA:78,5,0,0
BRDA:115,6,0,0
BRDA:115,6,1,0
BRDA:121,7,0,0
BRDA:121,8,0,0
BRDA:152,9,0,0
BRDA:152,10,0,0
BRDA:196,11,0,0
BRDA:196,11,1,0
BRDA:215,12,0,0
BRDA:215,12,1,0
BRF:17
BRH:0
end_of_record
TN:
SF:src\models\Spot.js
FN:8,(anonymous_0)
FN:38,(anonymous_1)
FN:49,(anonymous_2)
FN:68,(anonymous_3)
FN:96,(anonymous_4)
FN:109,(anonymous_5)
FN:122,(anonymous_6)
FN:136,(anonymous_7)
FN:150,(anonymous_8)
FN:161,(anonymous_9)
FN:174,(anonymous_10)
FN:188,(anonymous_11)
FN:207,(anonymous_12)
FN:223,(anonymous_13)
FN:266,(anonymous_14)
FNF:15
FNH:15
FNDA:2,(anonymous_0)
FNDA:2,(anonymous_1)
FNDA:2,(anonymous_2)
FNDA:1,(anonymous_3)
FNDA:1,(anonymous_4)
FNDA:1,(anonymous_5)
FNDA:1,(anonymous_6)
FNDA:1,(anonymous_7)
FNDA:1,(anonymous_8)
FNDA:1,(anonymous_9)
FNDA:1,(anonymous_10)
FNDA:2,(anonymous_11)
FNDA:1,(anonymous_12)
FNDA:1,(anonymous_13)
FNDA:3,(anonymous_14)
DA:2,4
DA:16,2
DA:32,2
DA:39,2
DA:43,2
DA:50,2
DA:62,2
DA:69,1
DA:90,1
DA:97,1
DA:103,1
DA:110,1
DA:116,1
DA:123,1
DA:130,1
DA:137,1
DA:144,1
DA:151,1
DA:155,1
DA:162,1
DA:168,1
DA:175,1
DA:182,1
DA:189,2
DA:201,2
DA:208,1
DA:217,1
DA:228,1
DA:231,1
DA:233,1
DA:260,1
DA:267,3
DA:268,3
DA:270,3
DA:272,3
DA:273,1
DA:276,2
DA:280,4
LF:38
LH:38
BRDA:9,0,0,1
BRDA:25,1,0,2
BRDA:25,1,1,1
BRDA:26,2,0,2
BRDA:26,2,1,1
BRDA:27,3,0,2
BRDA:27,3,1,1
BRDA:28,4,0,2
BRDA:28,4,1,0
BRDA:29,5,0,2
BRDA:29,5,1,1
BRDA:43,6,0,2
BRDA:43,6,1,1
BRDA:62,7,0,2
BRDA:62,7,1,1
BRDA:144,8,0,1
BRDA:144,8,1,0
BRDA:155,9,0,1
BRDA:155,9,1,0
BRDA:168,10,0,1
BRDA:168,10,1,0
BRDA:182,11,0,1
BRDA:182,11,1,0
BRDA:201,12,0,2
BRDA:201,12,1,1
BRDA:217,13,0,1
BRDA:217,13,1,0
BRDA:231,14,0,0
BRDA:231,14,1,1
BRDA:251,15,0,1
BRDA:251,15,1,1
BRDA:252,16,0,1
BRDA:252,16,1,1
BRDA:253,17,0,1
BRDA:253,17,1,0
BRDA:254,18,0,0
BRDA:254,18,1,1
BRDA:255,19,0,0
BRDA:255,19,1,1
BRDA:256,20,0,1
BRDA:256,20,1,0
BRDA:260,21,0,1
BRDA:260,21,1,0
BRDA:267,22,0,3
BRDA:267,22,1,1
BRDA:268,23,0,3
BRDA:268,23,1,1
BRDA:272,24,0,1
BRDA:272,24,1,2
BRF:49
BRH:37
end_of_record
TN:
SF:src\models\Transaction.js
FN:9,(anonymous_0)
FN:31,(anonymous_1)
FN:40,(anonymous_2)
FN:49,(anonymous_3)
FN:69,(anonymous_4)
FN:85,(anonymous_5)
FN:108,(anonymous_6)
FN:125,(anonymous_7)
FN:194,(anonymous_8)
FN:199,(anonymous_9)
FN:262,(anonymous_10)
FNF:11
FNH:9
FNDA:1,(anonymous_0)
FNDA:1,(anonymous_1)
FNDA:2,(anonymous_2)
FNDA:2,(anonymous_3)
FNDA:1,(anonymous_4)
FNDA:2,(anonymous_5)
FNDA:1,(anonymous_6)
FNDA:4,(anonymous_7)
FNDA:35,(anonymous_8)
FNDA:0,(anonymous_9)
FNDA:0,(anonymous_10)
DA:5,3
DA:14,1
DA:27,1
DA:32,1
DA:36,1
DA:41,2
DA:45,2
DA:50,2
DA:65,2
DA:70,1
DA:80,1
DA:86,2
DA:104,2
DA:109,1
DA:121,1
DA:126,4
DA:136,4
DA:189,4
DA:190,4
DA:192,4
DA:194,35
DA:200,0
DA:206,0
DA:258,0
DA:259,0
DA:260,0
DA:262,0
DA:267,3
LF:28
LH:22
BRDA:45,0,0,2
BRDA:45,0,1,1
BRDA:49,1,0,1
BRDA:49,2,0,1
BRDA:85,3,0,2
BRDA:85,4,0,2
BRDA:125,5,0,0
BRDA:189,6,0,4
BRDA:189,6,1,1
BRDA:199,7,0,0
BRDA:258,8,0,0
BRDA:258,8,1,0
BRF:12
BRH:8
end_of_record
TN:
SF:src\models\User.js
FN:5,(anonymous_0)
FN:20,(anonymous_1)
FN:31,(anonymous_2)
FN:40,(anonymous_3)
FN:49,(anonymous_4)
FN:61,(anonymous_5)
FN:73,(anonymous_6)
FN:87,(anonymous_7)
FN:113,(anonymous_8)
FN:129,(anonymous_9)
FN:141,(anonymous_10)
FN:156,(anonymous_11)
FN:176,(anonymous_12)
FN:188,(anonymous_13)
FN:199,(anonymous_14)
FN:209,(anonymous_15)
FN:220,(anonymous_16)
FN:228,(anonymous_17)
FNF:18
FNH:14
FNDA:8,(anonymous_0)
FNDA:3,(anonymous_1)
FNDA:2,(anonymous_2)
FNDA:2,(anonymous_3)
FNDA:2,(anonymous_4)
FNDA:1,(anonymous_5)
FNDA:1,(anonymous_6)
FNDA:3,(anonymous_7)
FNDA:2,(anonymous_8)
FNDA:2,(anonymous_9)
FNDA:2,(anonymous_10)
FNDA:0,(anonymous_11)
FNDA:0,(anonymous_12)
FNDA:0,(anonymous_13)
FNDA:0,(anonymous_14)
FNDA:2,(anonymous_15)
FNDA:2,(anonymous_16)
FNDA:2,(anonymous_17)
DA:2,6
DA:6,8
DA:7,6
DA:21,3
DA:27,2
DA:32,2
DA:36,2
DA:41,2
DA:45,2
DA:50,2
DA:54,2
DA:62,1
DA:63,1
DA:64,1
DA:70,1
DA:74,1
DA:80,1
DA:88,3
DA:109,3
DA:114,2
DA:121,2
DA:130,2
DA:134,2
DA:142,2
DA:144,2
DA:146,2
DA:147,1
DA:148,1
DA:151,2
DA:152,2
DA:153,2
DA:157,0
DA:174,0
DA:176,0
DA:189,0
DA:196,0
DA:200,0
DA:206,0
DA:210,2
DA:217,2
DA:221,2
DA:225,2
DA:229,2
DA:233,2
DA:237,6
LF:45
LH:38
BRDA:6,0,0,2
BRDA:6,0,1,6
BRDA:8,1,0,6
BRDA:8,1,1,5
BRDA:8,1,2,4
BRDA:8,1,3,3
BRDA:8,1,4,2
BRDA:27,2,0,2
BRDA:27,2,1,1
BRDA:36,3,0,2
BRDA:36,3,1,1
BRDA:45,4,0,2
BRDA:45,4,1,1
BRDA:54,5,0,2
BRDA:54,5,1,1
BRDA:100,6,0,1
BRDA:100,6,1,2
BRDA:101,7,0,1
BRDA:101,7,1,2
BRDA:102,8,0,1
BRDA:102,8,1,2
BRDA:104,9,0,1
BRDA:104,9,1,2
BRDA:105,10,0,1
BRDA:105,10,1,2
BRDA:106,11,0,1
BRDA:106,11,1,2
BRDA:109,12,0,3
BRDA:109,12,1,1
BRDA:121,13,0,2
BRDA:121,13,1,1
BRDA:134,14,0,2
BRDA:134,14,1,1
BRDA:141,15,0,1
BRDA:146,16,0,1
BRDA:146,16,1,1
BRDA:182,17,0,0
BRDA:182,17,1,0
BRDA:196,18,0,0
BRDA:196,18,1,0
BRDA:206,19,0,0
BRDA:206,19,1,0
BRDA:217,20,0,2
BRDA:217,20,1,1
BRDA:225,21,0,2
BRDA:225,21,1,1
BRF:46
BRH:40
end_of_record
TN:
SF:src\services\FirebaseService.js
FN:46,(anonymous_0)
FN:53,(anonymous_1)
FN:90,(anonymous_2)
FN:97,(anonymous_3)
FN:112,(anonymous_4)
FNF:5
FNH:0
FNDA:0,(anonymous_0)
FNDA:0,(anonymous_1)
FNDA:0,(anonymous_2)
FNDA:0,(anonymous_3)
FNDA:0,(anonymous_4)
DA:1,2
DA:2,2
DA:6,2
DA:19,2
DA:20,2
DA:21,2
DA:22,2
DA:26,0
DA:31,0
DA:32,0
DA:33,0
DA:37,0
DA:46,2
DA:47,0
DA:49,0
DA:53,0
DA:59,0
DA:60,0
DA:62,0
DA:67,0
DA:68,0
DA:70,0
DA:74,0
DA:75,0
DA:80,0
DA:82,0
DA:90,2
DA:91,0
DA:93,0
DA:97,0
DA:103,0
DA:104,0
DA:106,0
DA:109,0
DA:110,0
DA:112,0
DA:113,0
DA:118,0
DA:122,0
DA:123,0
DA:127,0
DA:131,0
DA:133,0
DA:134,0
DA:138,2
LF:45
LH:10
BRDA:10,0,0,1
BRDA:10,0,1,1
BRDA:19,1,0,2
BRDA:19,1,1,0
BRDA:21,2,0,2
BRDA:21,2,1,0
BRDA:21,3,0,2
BRDA:21,3,1,0
BRDA:21,3,2,0
BRDA:23,4,0,2
BRDA:23,4,1,1
BRDA:34,5,0,0
BRDA:34,5,1,0
BRDA:46,6,0,0
BRDA:47,7,0,0
BRDA:47,7,1,0
BRDA:70,8,0,0
BRDA:70,8,1,0
BRDA:71,9,0,0
BRDA:71,9,1,0
BRDA:90,10,0,0
BRDA:91,11,0,0
BRDA:91,11,1,0
BRDA:109,12,0,0
BRDA:109,12,1,0
BRDA:113,13,0,0
BRDA:113,13,1,0
BRDA:114,14,0,0
BRDA:114,14,1,0
BRDA:114,14,2,0
BRDA:122,15,0,0
BRDA:122,15,1,0
BRF:32
BRH:7
end_of_record
TN:
SF:src\services\FraudDetectionService.js
FN:10,(anonymous_0)
FN:70,(anonymous_1)
FN:102,(anonymous_2)
FN:134,(anonymous_3)
FN:159,(anonymous_4)
FN:191,(anonymous_5)
FN:223,(anonymous_6)
FN:256,(anonymous_7)
FNF:8
FNH:0
FNDA:0,(anonymous_0)
FNDA:0,(anonymous_1)
FNDA:0,(anonymous_2)
FNDA:0,(anonymous_3)
FNDA:0,(anonymous_4)
FNDA:0,(anonymous_5)
FNDA:0,(anonymous_6)
FNDA:0,(anonymous_7)
DA:3,1
DA:11,0
DA:13,0
DA:14,0
DA:17,0
DA:18,0
DA:19,0
DA:21,0
DA:22,0
DA:23,0
DA:25,0
DA:26,0
DA:27,0
DA:29,0
DA:30,0
DA:31,0
DA:33,0
DA:34,0
DA:35,0
DA:37,0
DA:38,0
DA:39,0
DA:42,0
DA:45,0
DA:46,0
DA:47,0
DA:49,0
DA:50,0
DA:52,0
DA:71,0
DA:80,0
DA:82,0
DA:83,0
DA:88,0
DA:89,0
DA:96,0
DA:103,0
DA:112,0
DA:114,0
DA:115,0
DA:120,0
DA:121,0
DA:128,0
DA:135,0
DA:136,0
DA:137,0
DA:139,0
DA:140,0
DA:145,0
DA:146,0
DA:153,0
DA:160,0
DA:169,0
DA:170,0
DA:173,0
DA:174,0
DA:177,0
DA:178,0
DA:185,0
DA:192,0
DA:201,0
DA:203,0
DA:204,0
DA:209,0
DA:210,0
DA:217,0
DA:224,0
DA:234,0
DA:236,0
DA:237,0
DA:242,0
DA:243,0
DA:250,0
DA:257,0
DA:258,0
DA:262,0
DA:263,0
DA:264,0
DA:265,0
DA:268,0
DA:269,0
DA:270,0
DA:271,0
DA:274,0
DA:275,0
DA:276,0
DA:277,0
DA:278,0
DA:279,0
DA:282,0
DA:283,0
DA:284,0
DA:285,0
DA:288,0
DA:289,0
DA:290,0
DA:291,0
DA:294,0
DA:295,0
DA:296,0
DA:297,0
DA:299,0
DA:304,0
DA:305,0
DA:306,0
DA:308,0
DA:312,1
LF:107
LH:2
BRDA:19,0,0,0
BRDA:19,0,1,0
BRDA:23,1,0,0
BRDA:23,1,1,0
BRDA:27,2,0,0
BRDA:27,2,1,0
BRDA:31,3,0,0
BRDA:31,3,1,0
BRDA:35,4,0,0
BRDA:35,4,1,0
BRDA:39,5,0,0
BRDA:39,5,1,0
BRDA:46,6,0,0
BRDA:46,6,1,0
BRDA:47,7,0,0
BRDA:47,7,1,0
BRDA:50,8,0,0
BRDA:50,8,1,0
BRDA:82,9,0,0
BRDA:82,9,1,0
BRDA:88,10,0,0
BRDA:88,10,1,0
BRDA:114,11,0,0
BRDA:114,11,1,0
BRDA:120,12,0,0
BRDA:120,12,1,0
BRDA:139,13,0,0
BRDA:139,13,1,0
BRDA:145,14,0,0
BRDA:145,14,1,0
BRDA:169,15,0,0
BRDA:169,15,1,0
BRDA:173,16,0,0
BRDA:173,16,1,0
BRDA:177,17,0,0
BRDA:177,17,1,0
BRDA:203,18,0,0
BRDA:203,18,1,0
BRDA:209,19,0,0
BRDA:209,19,1,0
BRDA:236,20,0,0
BRDA:236,20,1,0
BRDA:242,21,0,0
BRDA:242,21,1,0
BRDA:257,22,0,0
BRDA:257,22,1,0
BRDA:262,23,0,0
BRDA:262,23,1,0
BRDA:264,24,0,0
BRDA:264,24,1,0
BRDA:265,25,0,0
BRDA:265,25,1,0
BRDA:268,26,0,0
BRDA:268,26,1,0
BRDA:270,27,0,0
BRDA:270,27,1,0
BRDA:271,28,0,0
BRDA:271,28,1,0
BRDA:278,29,0,0
BRDA:278,29,1,0
BRDA:279,30,0,0
BRDA:279,30,1,0
BRDA:282,31,0,0
BRDA:282,31,1,0
BRDA:285,32,0,0
BRDA:285,32,1,0
BRDA:285,33,0,0
BRDA:285,33,1,0
BRDA:288,34,0,0
BRDA:288,34,1,0
BRDA:290,35,0,0
BRDA:290,35,1,0
BRDA:291,36,0,0
BRDA:291,36,1,0
BRDA:294,37,0,0
BRDA:294,37,1,0
BRDA:296,38,0,0
BRDA:296,38,1,0
BRDA:297,39,0,0
BRDA:297,39,1,0
BRDA:305,40,0,0
BRDA:305,40,1,0
BRDA:306,41,0,0
BRDA:306,41,1,0
BRF:84
BRH:0
end_of_record
TN:
SF:src\services\NavigationService.js
FN:5,(anonymous_0)
FN:26,(anonymous_1)
FN:30,(anonymous_2)
FNF:3
FNH:3
FNDA:10,(anonymous_0)
FNDA:4,(anonymous_1)
FNDA:2,(anonymous_2)
DA:1,13
DA:6,10
DA:7,2
DA:10,8
DA:14,8
DA:16,8
DA:17,8
DA:18,7
DA:20,7
DA:21,2
DA:26,5
DA:27,4
DA:30,4
DA:31,2
DA:40,4
DA:53,5
DA:57,3
DA:58,3
DA:63,13
LF:19
LH:19
BRDA:5,0,0,9
BRDA:5,1,0,10
BRDA:6,2,0,2
BRDA:6,2,1,8
BRDA:10,3,0,0
BRDA:10,3,1,8
BRDA:20,4,0,2
BRDA:20,4,1,5
BRDA:21,5,0,2
BRDA:21,5,1,1
BRDA:33,6,0,1
BRDA:33,6,1,1
BRDA:34,7,0,1
BRDA:34,7,1,1
BRDA:35,8,0,2
BRDA:35,8,1,1
BRF:16
BRH:15
end_of_record
TN:
SF:src\services\XrplService.js
FN:7,(anonymous_0)
FN:16,(anonymous_1)
FN:23,(anonymous_2)
FN:30,(anonymous_3)
FN:41,(anonymous_4)
FN:61,(anonymous_5)
FN:106,(anonymous_6)
FN:138,(anonymous_7)
FNF:8
FNH:8
FNDA:18,(anonymous_0)
FNDA:1,(anonymous_1)
FNDA:3,(anonymous_2)
FNDA:13,(anonymous_3)
FNDA:3,(anonymous_4)
FNDA:4,(anonymous_5)
FNDA:3,(anonymous_6)
FNDA:3,(anonymous_7)
DA:3,18
DA:4,18
DA:8,18
DA:9,18
DA:17,1
DA:18,0
DA:19,0
DA:20,0
DA:24,3
DA:25,1
DA:26,1
DA:31,13
DA:42,3
DA:43,3
DA:44,3
DA:49,1
DA:50,1
DA:52,2
DA:53,1
DA:62,4
DA:63,4
DA:65,4
DA:66,4
DA:72,3
DA:73,3
DA:75,3
DA:76,3
DA:78,3
DA:79,1
DA:80,1
DA:83,2
DA:84,1
DA:85,1
DA:88,1
DA:89,1
DA:91,1
DA:99,1
DA:100,1
DA:107,3
DA:108,3
DA:109,3
DA:114,2
DA:115,2
DA:123,1
DA:139,3
DA:142,3
DA:143,3
DA:144,1
DA:145,1
DA:152,2
DA:154,2
DA:162,2
DA:163,2
DA:171,2
DA:172,2
DA:174,2
DA:175,2
DA:177,2
DA:178,2
DA:180,2
DA:188,18
LF:61
LH:58
BRDA:17,0,0,1
BRDA:17,0,1,0
BRDA:17,1,0,1
BRDA:17,1,1,1
BRDA:24,2,0,1
BRDA:24,2,1,2
BRDA:24,3,0,3
BRDA:24,3,1,2
BRDA:31,4,0,0
BRDA:31,4,1,13
BRDA:31,5,0,13
BRDA:31,5,1,13
BRDA:52,6,0,1
BRDA:52,6,1,1
BRDA:78,7,0,1
BRDA:78,7,1,2
BRDA:83,8,0,1
BRDA:83,8,1,1
BRDA:143,9,0,1
BRDA:143,9,1,2
BRDA:162,10,0,2
BRDA:162,10,1,0
BRDA:178,11,0,1
BRDA:178,11,1,1
BRF:24
BRH:21
end_of_record
TN:
SF:src\services\XummService.js
FN:8,(anonymous_0)
FN:12,(anonymous_1)
FN:24,(anonymous_2)
FN:55,(anonymous_3)
FN:84,(anonymous_4)
FN:125,(anonymous_5)
FNF:6
FNH:6
FNDA:2,(anonymous_0)
FNDA:11,(anonymous_1)
FNDA:2,(anonymous_2)
FNDA:5,(anonymous_3)
FNDA:2,(anonymous_4)
FNDA:2,(anonymous_5)
DA:4,2
DA:5,2
DA:9,2
DA:13,11
DA:14,1
DA:18,1
DA:20,11
DA:25,2
DA:26,2
DA:38,1
DA:39,1
DA:40,1
DA:41,1
DA:43,1
DA:50,1
DA:51,1
DA:56,5
DA:57,5
DA:59,4
DA:60,4
DA:61,4
DA:62,4
DA:65,4
DA:66,2
DA:73,2
DA:79,1
DA:80,1
DA:85,2
DA:86,2
DA:109,1
DA:110,1
DA:111,1
DA:113,1
DA:119,1
DA:120,1
DA:126,2
DA:127,2
DA:129,1
DA:130,1
DA:136,2
LF:40
LH:40
BRDA:13,0,0,1
BRDA:13,0,1,10
BRDA:15,1,0,1
BRDA:15,1,1,0
BRDA:16,2,0,1
BRDA:16,2,1,0
BRDA:62,3,0,4
BRDA:62,3,1,2
BRDA:65,4,0,2
BRDA:65,4,1,2
BRDA:68,5,0,1
BRDA:68,5,1,1
BRDA:76,6,0,2
BRDA:76,6,1,1
BRF:14
BRH:12
end_of_record
